#
# A fatal error has been detected by the Java Runtime Environment:
#
#  SIGSEGV (0xb) at pc=0x000000010b248f78, pid=43410, tid=0x0000000000003c07
#
# JRE version: Java(TM) SE Runtime Environment (8.0_92-b14) (build 1.8.0_92-b14)
# Java VM: Java HotSpot(TM) 64-Bit Server VM (25.92-b14 mixed mode bsd-amd64 compressed oops)
# Problematic frame:
# V  [libjvm.dylib+0x448f78]
#
# Failed to write core dump. Core dumps have been disabled. To enable core dumping, try "ulimit -c unlimited" before starting Java again
#
# If you would like to submit a bug report, please visit:
#   http://bugreport.java.com/bugreport/crash.jsp
#

---------------  T H R E A D  ---------------

Current thread (0x00007f86b7014800):  JavaThread "JDWP Transport Listener: dt_socket" daemon [_thread_in_vm, id=15367, stack(0x00007000036e5000,0x00007000037e5000)]

siginfo: si_signo: 11 (SIGSEGV), si_code: 1 (SEGV_MAPERR), si_addr: 0x000000000000000d

Registers:
RAX=0x0000000000000001, RBX=0x00007000037e4a8b, RCX=0x000000010b61a360, RDX=0x00007000037e4a8b
RSP=0x00007000037e49d0, RBP=0x00007000037e49e0, RSI=0x00007f86b7014800, RDI=0x000000000000000d
R8 =0x0000000000000000, R9 =0x00007f86b8307cc0, R10=0x000007f86b8308c8, R11=0x0000000000000001
R12=0x00007f86b7014800, R13=0x000000000000000d, R14=0x000000000000000d, R15=0x00007f86b81021d0
RIP=0x000000010b248f78, EFLAGS=0x0000000000010202, ERR=0x0000000000000004
  TRAPNO=0x000000000000000e

Top of Stack: (sp=0x00007000037e49d0)
0x00007000037e49d0:   00007000037e4a8b 00007000037e4a8b
0x00007000037e49e0:   00007000037e4a40 000000010b157e66
0x00007000037e49f0:   00007f86b7014800 0000000000000000
0x00007000037e4a00:   0000000000000000 0000000000000000
0x00007000037e4a10:   00007f86b7014800 00007f86b7014800
0x00007000037e4a20:   00007000037e4a8b 00007000037e4a90
0x00007000037e4a30:   000000000000000d 0000000000000002
0x00007000037e4a40:   00007000037e4a60 000000010bdec780
0x00007000037e4a50:   0000000000000001 00007000037e4b08
0x00007000037e4a60:   00007000037e4ad0 000000010bdd11f3
0x00007000037e4a70:   00007000037e4aa0 00007f86b83092a0
0x00007000037e4a80:   0000000300000032 00000009007e4b08
0x00007000037e4a90:   0000000000000000 0000000000000000
0x00007000037e4aa0:   0000000000000000 00007000037e4c90
0x00007000037e4ab0:   000000010bdf3e7a 00007f86b660d9b0
0x00007000037e4ac0:   00007000037e4b08 000000010bdff598
0x00007000037e4ad0:   00007000037e4ae0 000000010bdd12ec
0x00007000037e4ae0:   00007000037e4d00 000000010bdda898
0x00007000037e4af0:   0000df1500000013 00000000000f0200
0x00007000037e4b00:   00007f86b6610450 00007000037e4bc4
0x00007000037e4b10:   00000000000000c0 00007000037e4b20
0x00007000037e4b20:   000001000000006c 00007000037e4b58
0x00007000037e4b30:   0000000000000000 00007f0000000000
0x00007000037e4b40:   0000df150000000f 00007f860000a080
0x00007000037e4b50:   00007000037e4b58 867f000003000000
0x00007000037e4b60:   09000000e00f11b8 6972656d754e7369
0x00007000037e4b70:   6a4c281500000063 676e616c2f617661
0x00007000037e4b80:   3b676e697274532f 0000000000005a29
0x00007000037e4b90:   11b8867f00000a00 616d04000000d80f
0x00007000037e4ba0:   5b28160000006e69 616c2f6176616a4c
0x00007000037e4bb0:   6e697274532f676e 0000000056293b67
0x00007000037e4bc0:   3700000009000000 000000001a000000 

Instructions: (pc=0x000000010b248f78)
0x000000010b248f58:   40 48 48 85 c0 75 e0 30 c0 0f b6 c0 5d c3 31 c0
0x000000010b248f68:   5d c3 55 48 89 e5 53 48 83 ec 08 48 85 ff 74 24
0x000000010b248f78:   48 8b 1f 48 85 db 74 1c 48 83 fb 37 74 16 48 8b
0x000000010b248f88:   03 48 89 df ff 50 10 84 c0 b8 00 00 00 00 48 0f 

Register to memory mapping:

RAX=0x0000000000000001 is an unknown value
RBX=0x00007000037e4a8b is pointing into the stack for thread: 0x00007f86b7014800
RCX=0x000000010b61a360: UseMembar+0 in /Library/Java/JavaVirtualMachines/jdk1.8.0_92.jdk/Contents/Home/jre/lib/server/libjvm.dylib at 0x000000010ae00000
RDX=0x00007000037e4a8b is pointing into the stack for thread: 0x00007f86b7014800
RSP=0x00007000037e49d0 is pointing into the stack for thread: 0x00007f86b7014800
RBP=0x00007000037e49e0 is pointing into the stack for thread: 0x00007f86b7014800
RSI=0x00007f86b7014800 is a thread
RDI=0x000000000000000d is an unknown value
R8 =0x0000000000000000 is an unknown value
R9 =0x00007f86b8307cc0 is an unknown value
R10=0x000007f86b8308c8 is an unknown value
R11=0x0000000000000001 is an unknown value
R12=0x00007f86b7014800 is a thread
R13=0x000000000000000d is an unknown value
R14=0x000000000000000d is an unknown value
R15=0x00007f86b81021d0 is an unknown value


Stack: [0x00007000036e5000,0x00007000037e5000],  sp=0x00007000037e49d0,  free space=1022k
Native frames: (J=compiled Java code, j=interpreted, Vv=VM code, C=native code)
V  [libjvm.dylib+0x448f78]
V  [libjvm.dylib+0x357e66]
C  [libjdwp.dylib+0x20780]  isMethodSynthetic+0x63
C  [libjdwp.dylib+0x51f3]  methods1+0x10b
C  [libjdwp.dylib+0x52ec]  methodsWithGeneric+0xe
C  [libjdwp.dylib+0xe898]  debugLoop_run+0x1ce
C  [libjdwp.dylib+0x1f6ba]  attachThread+0x4d
V  [libjvm.dylib+0x3991cc]
V  [libjvm.dylib+0x564c57]
V  [libjvm.dylib+0x566344]
V  [libjvm.dylib+0x485bbe]
C  [libsystem_pthread.dylib+0x3661]  _pthread_body+0x154
C  [libsystem_pthread.dylib+0x350d]  _pthread_body+0x0
C  [libsystem_pthread.dylib+0x2bf9]  thread_start+0xd
C  0x0000000000000000


---------------  P R O C E S S  ---------------

Java Threads: ( => current thread )
  0x00007f86b6827000 JavaThread "Service Thread" daemon [_thread_blocked, id=22275, stack(0x0000700003dfa000,0x0000700003efa000)]
  0x00007f86ba81a000 JavaThread "C1 CompilerThread3" daemon [_thread_blocked, id=22019, stack(0x0000700003cf7000,0x0000700003df7000)]
  0x00007f86ba819000 JavaThread "C2 CompilerThread2" daemon [_thread_blocked, id=16643, stack(0x0000700003bf4000,0x0000700003cf4000)]
  0x00007f86b7855000 JavaThread "C2 CompilerThread1" daemon [_thread_blocked, id=17155, stack(0x0000700003af1000,0x0000700003bf1000)]
  0x00007f86b7854000 JavaThread "C2 CompilerThread0" daemon [_thread_blocked, id=17667, stack(0x00007000039ee000,0x0000700003aee000)]
  0x00007f86b9024000 JavaThread "JDWP Command Reader" daemon [_thread_in_native, id=17923, stack(0x00007000038eb000,0x00007000039eb000)]
  0x00007f86b7015000 JavaThread "JDWP Event Helper Thread" daemon [_thread_blocked, id=15875, stack(0x00007000037e8000,0x00007000038e8000)]
=>0x00007f86b7014800 JavaThread "JDWP Transport Listener: dt_socket" daemon [_thread_in_vm, id=15367, stack(0x00007000036e5000,0x00007000037e5000)]
  0x00007f86ba800000 JavaThread "Signal Dispatcher" daemon [_thread_blocked, id=18439, stack(0x00007000035e2000,0x00007000036e2000)]
  0x00007f86b883a000 JavaThread "Finalizer" daemon [_thread_blocked, id=13315, stack(0x00007000034df000,0x00007000035df000)]
  0x00007f86ba002000 JavaThread "Reference Handler" daemon [_thread_blocked, id=13059, stack(0x00007000033dc000,0x00007000034dc000)]
  0x00007f86b8802800 JavaThread "main" [_thread_in_native, id=6147, stack(0x00007000029be000,0x0000700002abe000)]

Other Threads:
  0x00007f86b8832000 VMThread [stack: 0x00007000032d9000,0x00007000033d9000] [id=20227]
  0x00007f86ba022000 WatcherThread [stack: 0x0000700003efd000,0x0000700003ffd000] [id=22531]

VM state:not at safepoint (normal execution)

VM Mutex/Monitor currently owned by a thread: None

Heap:
 PSYoungGen      total 76288K, used 5243K [0x000000076ab00000, 0x0000000770000000, 0x00000007c0000000)
  eden space 65536K, 8% used [0x000000076ab00000,0x000000076b01ec70,0x000000076eb00000)
  from space 10752K, 0% used [0x000000076f580000,0x000000076f580000,0x0000000770000000)
  to   space 10752K, 0% used [0x000000076eb00000,0x000000076eb00000,0x000000076f580000)
 ParOldGen       total 175104K, used 0K [0x00000006c0000000, 0x00000006cab00000, 0x000000076ab00000)
  object space 175104K, 0% used [0x00000006c0000000,0x00000006c0000000,0x00000006cab00000)
 Metaspace       used 3806K, capacity 4832K, committed 5120K, reserved 1056768K
  class space    used 422K, capacity 464K, committed 512K, reserved 1048576K

Card table byte_map: [0x000000010c274000,0x000000010ca75000] byte_map_base: 0x0000000108c74000

Marking Bits: (ParMarkBitMap*) 0x000000010b6e8bd0
 Begin Bits: [0x0000000120e99000, 0x0000000124e99000)
 End Bits:   [0x0000000124e99000, 0x0000000128e99000)

Polling page: 0x0000000109de9000

CodeCache: size=245760Kb used=1205Kb max_used=1205Kb free=244554Kb
 bounds [0x0000000111e99000, 0x0000000112109000, 0x0000000120e99000]
 total_blobs=328 nmethods=84 adapters=166
 compilation: enabled

Compilation events (10 events):
Event: 0.291 Thread 0x00007f86ba81a000   80       1       java.nio.Buffer::position (5 bytes)
Event: 0.291 Thread 0x00007f86ba81a000 nmethod 80 0x0000000111fc4a10 code [0x0000000111fc4b60, 0x0000000111fc4c70]
Event: 6.634 Thread 0x00007f86ba81a000   81       3       java.lang.AbstractStringBuilder::<init> (12 bytes)
Event: 6.635 Thread 0x00007f86ba81a000 nmethod 81 0x0000000111fc4cd0 code [0x0000000111fc4e40, 0x0000000111fc5090]
Event: 13.936 Thread 0x00007f86ba81a000   82       3       java.lang.StringBuilder::toString (17 bytes)
Event: 13.937 Thread 0x00007f86ba81a000 nmethod 82 0x0000000111fc5150 code [0x0000000111fc52c0, 0x0000000111fc54c8]
Event: 14.579 Thread 0x00007f86ba81a000   84       3       java.lang.AbstractStringBuilder::expandCapacity (50 bytes)
Event: 14.580 Thread 0x00007f86ba81a000 nmethod 84 0x0000000111fc5590 code [0x0000000111fc5740, 0x0000000111fc5cb8]
Event: 14.580 Thread 0x00007f86ba81a000   83       3       java.lang.StringBuilder::<init> (7 bytes)
Event: 14.581 Thread 0x00007f86ba81a000 nmethod 83 0x0000000111fc5f10 code [0x0000000111fc6080, 0x0000000111fc6330]

GC Heap History (0 events):
No events

Deoptimization events (0 events):
No events

Internal exceptions (6 events):
Event: 0.052 Thread 0x00007f86b8802800 Exception <a 'java/lang/NoSuchMethodError': Method sun.misc.Unsafe.defineClass(Ljava/lang/String;[BII)Ljava/lang/Class; name or signature does not match> (0x000000076ab07cc0) thrown at [/Users/java_re/workspace/8-2-build-macosx-x86_64/jdk8u92/6642/hotspot
Event: 0.052 Thread 0x00007f86b8802800 Exception <a 'java/lang/NoSuchMethodError': Method sun.misc.Unsafe.prefetchRead(Ljava/lang/Object;J)V name or signature does not match> (0x000000076ab07fa8) thrown at [/Users/java_re/workspace/8-2-build-macosx-x86_64/jdk8u92/6642/hotspot/src/share/vm/prim
Event: 0.270 Thread 0x00007f86b8802800 Exception <a 'java/security/PrivilegedActionException'> (0x000000076ae55048) thrown at [/Users/java_re/workspace/8-2-build-macosx-x86_64/jdk8u92/6642/hotspot/src/share/vm/prims/jvm.cpp, line 1386]
Event: 0.270 Thread 0x00007f86b8802800 Exception <a 'java/security/PrivilegedActionException'> (0x000000076ae55440) thrown at [/Users/java_re/workspace/8-2-build-macosx-x86_64/jdk8u92/6642/hotspot/src/share/vm/prims/jvm.cpp, line 1386]
Event: 0.271 Thread 0x00007f86b8802800 Exception <a 'java/security/PrivilegedActionException'> (0x000000076ae588c8) thrown at [/Users/java_re/workspace/8-2-build-macosx-x86_64/jdk8u92/6642/hotspot/src/share/vm/prims/jvm.cpp, line 1386]
Event: 0.271 Thread 0x00007f86b8802800 Exception <a 'java/security/PrivilegedActionException'> (0x000000076ae58cc0) thrown at [/Users/java_re/workspace/8-2-build-macosx-x86_64/jdk8u92/6642/hotspot/src/share/vm/prims/jvm.cpp, line 1386]

Events (10 events):
Event: 18607.890 Executing VM operation: ChangeBreakpoints
Event: 18607.890 Executing VM operation: ChangeBreakpoints done
Event: 18607.893 Executing VM operation: RedefineClasses
Event: 18607.894 Executing VM operation: RedefineClasses done
Event: 18608.159 Executing VM operation: ChangeBreakpoints
Event: 18608.159 Executing VM operation: ChangeBreakpoints done
Event: 18762.172 Executing VM operation: ChangeBreakpoints
Event: 18762.172 Executing VM operation: ChangeBreakpoints done
Event: 19828.204 Executing VM operation: RedefineClasses
Event: 19828.205 Executing VM operation: RedefineClasses done


Dynamic libraries:
0x00000000088bb000 	/System/Library/Frameworks/Cocoa.framework/Versions/A/Cocoa
0x00000000088bb000 	/System/Library/Frameworks/Security.framework/Versions/A/Security
0x00000000088bb000 	/System/Library/Frameworks/ApplicationServices.framework/Versions/A/ApplicationServices
0x00000000088bb000 	/usr/lib/libz.1.dylib
0x00000000088bb000 	/usr/lib/libSystem.B.dylib
0x00000000088bb000 	/usr/lib/libobjc.A.dylib
0x00000000088bb000 	/System/Library/Frameworks/CoreFoundation.framework/Versions/A/CoreFoundation
0x00000000088bb000 	/System/Library/Frameworks/Foundation.framework/Versions/C/Foundation
0x00000000088bb000 	/System/Library/Frameworks/AppKit.framework/Versions/C/AppKit
0x00000000088bb000 	/System/Library/Frameworks/CoreData.framework/Versions/A/CoreData
0x00000000088bb000 	/System/Library/PrivateFrameworks/RemoteViewServices.framework/Versions/A/RemoteViewServices
0x00000000088bb000 	/System/Library/PrivateFrameworks/UIFoundation.framework/Versions/A/UIFoundation
0x00000000088bb000 	/System/Library/PrivateFrameworks/DFRFoundation.framework/Versions/A/DFRFoundation
0x00000000088bb000 	/System/Library/Frameworks/Metal.framework/Versions/A/Metal
0x00000000088bb000 	/System/Library/PrivateFrameworks/DesktopServicesPriv.framework/Versions/A/DesktopServicesPriv
0x00000000088bb000 	/usr/lib/libenergytrace.dylib
0x00000000088bb000 	/System/Library/PrivateFrameworks/SkyLight.framework/Versions/A/SkyLight
0x00000000088bb000 	/System/Library/Frameworks/CoreGraphics.framework/Versions/A/CoreGraphics
0x00000000088bb000 	/usr/lib/libScreenReader.dylib
0x00000000088bb000 	/System/Library/Frameworks/Accelerate.framework/Versions/A/Accelerate
0x00000000088bb000 	/System/Library/Frameworks/IOSurface.framework/Versions/A/IOSurface
0x00000000088bb000 	/System/Library/Frameworks/AudioToolbox.framework/Versions/A/AudioToolbox
0x00000000088bb000 	/System/Library/Frameworks/AudioUnit.framework/Versions/A/AudioUnit
0x00000000088bb000 	/System/Library/PrivateFrameworks/DataDetectorsCore.framework/Versions/A/DataDetectorsCore
0x00000000088bb000 	/System/Library/Frameworks/Carbon.framework/Versions/A/Frameworks/HIToolbox.framework/Versions/A/HIToolbox
0x00000000088bb000 	/usr/lib/libicucore.A.dylib
0x00000000088bb000 	/System/Library/Frameworks/QuartzCore.framework/Versions/A/QuartzCore
0x00000000088bb000 	/System/Library/PrivateFrameworks/SignpostNotification.framework/Versions/A/SignpostNotification
0x00000000088bb000 	/System/Library/Frameworks/Carbon.framework/Versions/A/Frameworks/SpeechRecognition.framework/Versions/A/SpeechRecognition
0x00000000088bb000 	/usr/lib/libauto.dylib
0x00000000088bb000 	/usr/lib/libxml2.2.dylib
0x00000000088bb000 	/System/Library/PrivateFrameworks/CoreUI.framework/Versions/A/CoreUI
0x00000000088bb000 	/System/Library/Frameworks/CoreAudio.framework/Versions/A/CoreAudio
0x00000000088bb000 	/System/Library/Frameworks/DiskArbitration.framework/Versions/A/DiskArbitration
0x00000000088bb000 	/usr/lib/liblangid.dylib
0x00000000088bb000 	/System/Library/PrivateFrameworks/MultitouchSupport.framework/Versions/A/MultitouchSupport
0x00000000088bb000 	/System/Library/Frameworks/IOKit.framework/Versions/A/IOKit
0x00000000088bb000 	/usr/lib/libDiagnosticMessagesClient.dylib
0x00000000088bb000 	/System/Library/Frameworks/CoreServices.framework/Versions/A/CoreServices
0x00000000088bb000 	/System/Library/PrivateFrameworks/PerformanceAnalysis.framework/Versions/A/PerformanceAnalysis
0x00000000088bb000 	/System/Library/Frameworks/OpenGL.framework/Versions/A/OpenGL
0x00000000088bb000 	/System/Library/Frameworks/ColorSync.framework/Versions/A/ColorSync
0x00000000088bb000 	/System/Library/Frameworks/CoreImage.framework/Versions/A/CoreImage
0x00000000088bb000 	/System/Library/Frameworks/CoreText.framework/Versions/A/CoreText
0x00000000088bb000 	/System/Library/Frameworks/ImageIO.framework/Versions/A/ImageIO
0x00000000088bb000 	/System/Library/PrivateFrameworks/Backup.framework/Versions/A/Backup
0x00000000088bb000 	/usr/lib/libarchive.2.dylib
0x00000000088bb000 	/System/Library/Frameworks/CFNetwork.framework/Versions/A/CFNetwork
0x00000000088bb000 	/System/Library/Frameworks/SystemConfiguration.framework/Versions/A/SystemConfiguration
0x00000000088bb000 	/usr/lib/libCRFSuite.dylib
0x00000000088bb000 	/usr/lib/libc++.1.dylib
0x00000000088bb000 	/usr/lib/libc++abi.dylib
0x00000000088bb000 	/usr/lib/system/libcache.dylib
0x00000000088bb000 	/usr/lib/system/libcommonCrypto.dylib
0x00000000088bb000 	/usr/lib/system/libcompiler_rt.dylib
0x00000000088bb000 	/usr/lib/system/libcopyfile.dylib
0x00000000088bb000 	/usr/lib/system/libcorecrypto.dylib
0x00000000088bb000 	/usr/lib/system/libdispatch.dylib
0x00000000088bb000 	/usr/lib/system/libdyld.dylib
0x00000000088bb000 	/usr/lib/system/libkeymgr.dylib
0x00000000088bb000 	/usr/lib/system/liblaunch.dylib
0x00000000088bb000 	/usr/lib/system/libmacho.dylib
0x00000000088bb000 	/usr/lib/system/libquarantine.dylib
0x00000000088bb000 	/usr/lib/system/libremovefile.dylib
0x00000000088bb000 	/usr/lib/system/libsystem_asl.dylib
0x00000000088bb000 	/usr/lib/system/libsystem_blocks.dylib
0x00000000088bb000 	/usr/lib/system/libsystem_c.dylib
0x00000000088bb000 	/usr/lib/system/libsystem_configuration.dylib
0x00000000088bb000 	/usr/lib/system/libsystem_coreservices.dylib
0x00000000088bb000 	/usr/lib/system/libsystem_darwin.dylib
0x00000000088bb000 	/usr/lib/system/libsystem_dnssd.dylib
0x00000000088bb000 	/usr/lib/system/libsystem_info.dylib
0x00000000088bb000 	/usr/lib/system/libsystem_m.dylib
0x00000000088bb000 	/usr/lib/system/libsystem_malloc.dylib
0x00000000088bb000 	/usr/lib/system/libsystem_network.dylib
0x00000000088bb000 	/usr/lib/system/libsystem_networkextension.dylib
0x00000000088bb000 	/usr/lib/system/libsystem_notify.dylib
0x00000000088bb000 	/usr/lib/system/libsystem_sandbox.dylib
0x00000000088bb000 	/usr/lib/system/libsystem_secinit.dylib
0x00000000088bb000 	/usr/lib/system/libsystem_kernel.dylib
0x00000000088bb000 	/usr/lib/system/libsystem_platform.dylib
0x00000000088bb000 	/usr/lib/system/libsystem_pthread.dylib
0x00000000088bb000 	/usr/lib/system/libsystem_symptoms.dylib
0x00000000088bb000 	/usr/lib/system/libsystem_trace.dylib
0x00000000088bb000 	/usr/lib/system/libunwind.dylib
0x00000000088bb000 	/usr/lib/system/libxpc.dylib
0x00000000088bb000 	/usr/lib/closure/libclosured.dylib
0x00000000088bb000 	/usr/lib/libbsm.0.dylib
0x00000000088bb000 	/usr/lib/system/libkxld.dylib
0x00000000088bb000 	/usr/lib/libOpenScriptingUtil.dylib
0x00000000088bb000 	/usr/lib/libcoretls.dylib
0x00000000088bb000 	/usr/lib/libcoretls_cfhelpers.dylib
0x00000000088bb000 	/usr/lib/libpam.2.dylib
0x00000000088bb000 	/usr/lib/libsqlite3.dylib
0x00000000088bb000 	/usr/lib/libxar.1.dylib
0x00000000088bb000 	/usr/lib/libbz2.1.0.dylib
0x00000000088bb000 	/usr/lib/liblzma.5.dylib
0x00000000088bb000 	/usr/lib/libnetwork.dylib
0x00000000088bb000 	/usr/lib/libapple_nghttp2.dylib
0x00000000088bb000 	/usr/lib/libpcap.A.dylib
0x00000000088bb000 	/usr/lib/libboringssl.dylib
0x00000000088bb000 	/usr/lib/libusrtcp.dylib
0x00000000088bb000 	/usr/lib/libapple_crypto.dylib
0x00000000088bb000 	/System/Library/Frameworks/CoreServices.framework/Versions/A/Frameworks/FSEvents.framework/Versions/A/FSEvents
0x00000000088bb000 	/System/Library/Frameworks/CoreServices.framework/Versions/A/Frameworks/CarbonCore.framework/Versions/A/CarbonCore
0x00000000088bb000 	/System/Library/Frameworks/CoreServices.framework/Versions/A/Frameworks/Metadata.framework/Versions/A/Metadata
0x00000000088bb000 	/System/Library/Frameworks/CoreServices.framework/Versions/A/Frameworks/OSServices.framework/Versions/A/OSServices
0x00000000088bb000 	/System/Library/Frameworks/CoreServices.framework/Versions/A/Frameworks/SearchKit.framework/Versions/A/SearchKit
0x00000000088bb000 	/System/Library/Frameworks/CoreServices.framework/Versions/A/Frameworks/AE.framework/Versions/A/AE
0x00000000088bb000 	/System/Library/Frameworks/CoreServices.framework/Versions/A/Frameworks/LaunchServices.framework/Versions/A/LaunchServices
0x00000000088bb000 	/System/Library/Frameworks/CoreServices.framework/Versions/A/Frameworks/DictionaryServices.framework/Versions/A/DictionaryServices
0x00000000088bb000 	/System/Library/Frameworks/CoreServices.framework/Versions/A/Frameworks/SharedFileList.framework/Versions/A/SharedFileList
0x00000000088bb000 	/System/Library/Frameworks/NetFS.framework/Versions/A/NetFS
0x00000000088bb000 	/System/Library/PrivateFrameworks/NetAuth.framework/Versions/A/NetAuth
0x00000000088bb000 	/System/Library/PrivateFrameworks/login.framework/Versions/A/Frameworks/loginsupport.framework/Versions/A/loginsupport
0x00000000088bb000 	/System/Library/PrivateFrameworks/TCC.framework/Versions/A/TCC
0x00000000088bb000 	/usr/lib/libmecabra.dylib
0x00000000088bb000 	/System/Library/Frameworks/ApplicationServices.framework/Versions/A/Frameworks/ATS.framework/Versions/A/ATS
0x00000000088bb000 	/System/Library/Frameworks/ApplicationServices.framework/Versions/A/Frameworks/ColorSyncLegacy.framework/Versions/A/ColorSyncLegacy
0x00000000088bb000 	/System/Library/Frameworks/ApplicationServices.framework/Versions/A/Frameworks/HIServices.framework/Versions/A/HIServices
0x00000000088bb000 	/System/Library/Frameworks/ApplicationServices.framework/Versions/A/Frameworks/LangAnalysis.framework/Versions/A/LangAnalysis
0x00000000088bb000 	/System/Library/Frameworks/ApplicationServices.framework/Versions/A/Frameworks/PrintCore.framework/Versions/A/PrintCore
0x00000000088bb000 	/System/Library/Frameworks/ApplicationServices.framework/Versions/A/Frameworks/QD.framework/Versions/A/QD
0x00000000088bb000 	/System/Library/Frameworks/ApplicationServices.framework/Versions/A/Frameworks/SpeechSynthesis.framework/Versions/A/SpeechSynthesis
0x00000000088bb000 	/System/Library/Frameworks/CoreDisplay.framework/Versions/A/CoreDisplay
0x00000000088bb000 	/System/Library/Frameworks/Accelerate.framework/Versions/A/Frameworks/vImage.framework/Versions/A/vImage
0x00000000088bb000 	/System/Library/Frameworks/Accelerate.framework/Versions/A/Frameworks/vecLib.framework/Versions/A/vecLib
0x00000000088bb000 	/System/Library/Frameworks/Accelerate.framework/Versions/A/Frameworks/vecLib.framework/Versions/A/libvDSP.dylib
0x00000000088bb000 	/System/Library/Frameworks/Accelerate.framework/Versions/A/Frameworks/vecLib.framework/Versions/A/libBNNS.dylib
0x00000000088bb000 	/System/Library/Frameworks/Accelerate.framework/Versions/A/Frameworks/vecLib.framework/Versions/A/libQuadrature.dylib
0x00000000088bb000 	/System/Library/Frameworks/Accelerate.framework/Versions/A/Frameworks/vecLib.framework/Versions/A/libvMisc.dylib
0x00000000088bb000 	/System/Library/Frameworks/Accelerate.framework/Versions/A/Frameworks/vecLib.framework/Versions/A/libLAPACK.dylib
0x00000000088bb000 	/System/Library/Frameworks/Accelerate.framework/Versions/A/Frameworks/vecLib.framework/Versions/A/libBLAS.dylib
0x00000000088bb000 	/System/Library/Frameworks/Accelerate.framework/Versions/A/Frameworks/vecLib.framework/Versions/A/libLinearAlgebra.dylib
0x00000000088bb000 	/System/Library/Frameworks/Accelerate.framework/Versions/A/Frameworks/vecLib.framework/Versions/A/libSparse.dylib
0x00000000088bb000 	/System/Library/Frameworks/Accelerate.framework/Versions/A/Frameworks/vecLib.framework/Versions/A/libSparseBLAS.dylib
0x00000000088bb000 	/System/Library/PrivateFrameworks/GPUWrangler.framework/Versions/A/GPUWrangler
0x00000000088bb000 	/System/Library/PrivateFrameworks/IOAccelerator.framework/Versions/A/IOAccelerator
0x00000000088bb000 	/System/Library/PrivateFrameworks/IOPresentment.framework/Versions/A/IOPresentment
0x00000000088bb000 	/System/Library/PrivateFrameworks/DSExternalDisplay.framework/Versions/A/DSExternalDisplay
0x00000000088bb000 	/System/Library/Frameworks/OpenGL.framework/Versions/A/Libraries/libCoreFSCache.dylib
0x00000000088bb000 	/System/Library/Frameworks/CoreVideo.framework/Versions/A/CoreVideo
0x00000000088bb000 	/System/Library/PrivateFrameworks/GraphVisualizer.framework/Versions/A/GraphVisualizer
0x00000000088bb000 	/System/Library/Frameworks/MetalPerformanceShaders.framework/Versions/A/MetalPerformanceShaders
0x00000000088bb000 	/usr/lib/libFosl_dynamic.dylib
0x00000000088bb000 	/System/Library/PrivateFrameworks/FaceCore.framework/Versions/A/FaceCore
0x00000000088bb000 	/System/Library/Frameworks/OpenCL.framework/Versions/A/OpenCL
0x00000000088bb000 	/usr/lib/libcompression.dylib
0x00000000088bb000 	/System/Library/Frameworks/ApplicationServices.framework/Versions/A/Frameworks/ATS.framework/Versions/A/Resources/libFontParser.dylib
0x00000000088bb000 	/System/Library/Frameworks/ApplicationServices.framework/Versions/A/Frameworks/ATS.framework/Versions/A/Resources/libFontRegistry.dylib
0x00000000088bb000 	/System/Library/Frameworks/ImageIO.framework/Versions/A/Resources/libJPEG.dylib
0x00000000088bb000 	/System/Library/Frameworks/ImageIO.framework/Versions/A/Resources/libTIFF.dylib
0x00000000088bb000 	/System/Library/Frameworks/ImageIO.framework/Versions/A/Resources/libPng.dylib
0x00000000088bb000 	/System/Library/Frameworks/ImageIO.framework/Versions/A/Resources/libGIF.dylib
0x00000000088bb000 	/System/Library/Frameworks/ImageIO.framework/Versions/A/Resources/libJP2.dylib
0x00000000088bb000 	/System/Library/Frameworks/ImageIO.framework/Versions/A/Resources/libRadiance.dylib
0x00000000088bb000 	/System/Library/PrivateFrameworks/AppleJPEG.framework/Versions/A/AppleJPEG
0x00000000088bb000 	/System/Library/Frameworks/MetalPerformanceShaders.framework/Frameworks/MPSCore.framework/Versions/A/MPSCore
0x00000000088bb000 	/System/Library/Frameworks/MetalPerformanceShaders.framework/Frameworks/MPSImage.framework/Versions/A/MPSImage
0x00000000088bb000 	/System/Library/Frameworks/MetalPerformanceShaders.framework/Frameworks/MPSNeuralNetwork.framework/Versions/A/MPSNeuralNetwork
0x00000000088bb000 	/System/Library/Frameworks/MetalPerformanceShaders.framework/Frameworks/MPSMatrix.framework/Versions/A/MPSMatrix
0x00000000088bb000 	/System/Library/PrivateFrameworks/MetalTools.framework/Versions/A/MetalTools
0x00000000088bb000 	/System/Library/Frameworks/OpenGL.framework/Versions/A/Libraries/libGLU.dylib
0x00000000088bb000 	/System/Library/Frameworks/OpenGL.framework/Versions/A/Libraries/libGFXShared.dylib
0x00000000088bb000 	/System/Library/Frameworks/OpenGL.framework/Versions/A/Libraries/libGL.dylib
0x00000000088bb000 	/System/Library/Frameworks/OpenGL.framework/Versions/A/Libraries/libGLImage.dylib
0x00000000088bb000 	/System/Library/Frameworks/OpenGL.framework/Versions/A/Libraries/libCVMSPluginSupport.dylib
0x00000000088bb000 	/System/Library/Frameworks/OpenGL.framework/Versions/A/Libraries/libCoreVMClient.dylib
0x00000000088bb000 	/usr/lib/libcups.2.dylib
0x00000000088bb000 	/System/Library/Frameworks/Kerberos.framework/Versions/A/Kerberos
0x00000000088bb000 	/System/Library/Frameworks/GSS.framework/Versions/A/GSS
0x00000000088bb000 	/usr/lib/libresolv.9.dylib
0x00000000088bb000 	/usr/lib/libiconv.2.dylib
0x00000000088bb000 	/System/Library/PrivateFrameworks/Heimdal.framework/Versions/A/Heimdal
0x00000000088bb000 	/usr/lib/libheimdal-asn1.dylib
0x00000000088bb000 	/System/Library/Frameworks/OpenDirectory.framework/Versions/A/OpenDirectory
0x00000000088bb000 	/System/Library/PrivateFrameworks/CommonAuth.framework/Versions/A/CommonAuth
0x00000000088bb000 	/System/Library/Frameworks/OpenDirectory.framework/Versions/A/Frameworks/CFOpenDirectory.framework/Versions/A/CFOpenDirectory
0x00000000088bb000 	/System/Library/Frameworks/SecurityFoundation.framework/Versions/A/SecurityFoundation
0x00000000088bb000 	/System/Library/PrivateFrameworks/APFS.framework/Versions/A/APFS
0x00000000088bb000 	/usr/lib/libutil.dylib
0x00000000088bb000 	/System/Library/PrivateFrameworks/AppleSauce.framework/Versions/A/AppleSauce
0x00000000088bb000 	/System/Library/PrivateFrameworks/LinguisticData.framework/Versions/A/LinguisticData
0x00000000088bb000 	/usr/lib/libmarisa.dylib
0x00000000088bb000 	/System/Library/PrivateFrameworks/Lexicon.framework/Versions/A/Lexicon
0x00000000088bb000 	/usr/lib/libChineseTokenizer.dylib
0x00000000088bb000 	/usr/lib/libcmph.dylib
0x00000000088bb000 	/System/Library/PrivateFrameworks/LanguageModeling.framework/Versions/A/LanguageModeling
0x00000000088bb000 	/System/Library/PrivateFrameworks/CoreEmoji.framework/Versions/A/CoreEmoji
0x00000000088bb000 	/System/Library/Frameworks/ServiceManagement.framework/Versions/A/ServiceManagement
0x00000000088bb000 	/System/Library/PrivateFrameworks/BackgroundTaskManagement.framework/Versions/A/BackgroundTaskManagement
0x00000000088bb000 	/usr/lib/libxslt.1.dylib
0x00000000088bb000 	/System/Library/Frameworks/Carbon.framework/Versions/A/Frameworks/Ink.framework/Versions/A/Ink
0x00000000088bb000 	/System/Library/PrivateFrameworks/TextureIO.framework/Versions/A/TextureIO
0x00000000088bb000 	/usr/lib/libate.dylib
0x00000000088bb000 	/System/Library/PrivateFrameworks/CrashReporterSupport.framework/Versions/A/CrashReporterSupport
0x00000000088bb000 	/System/Library/PrivateFrameworks/Sharing.framework/Versions/A/Sharing
0x00000000088bb000 	/System/Library/PrivateFrameworks/IconServices.framework/Versions/A/IconServices
0x00000000088bb000 	/System/Library/PrivateFrameworks/Apple80211.framework/Versions/A/Apple80211
0x00000000088bb000 	/System/Library/PrivateFrameworks/CoreUtils.framework/Versions/A/CoreUtils
0x00000000088bb000 	/System/Library/Frameworks/CoreWLAN.framework/Versions/A/CoreWLAN
0x00000000088bb000 	/System/Library/Frameworks/IOBluetooth.framework/Versions/A/IOBluetooth
0x00000000088bb000 	/System/Library/PrivateFrameworks/ProtocolBuffer.framework/Versions/A/ProtocolBuffer
0x00000000088bb000 	/System/Library/PrivateFrameworks/CoreWiFi.framework/Versions/A/CoreWiFi
0x00000000088bb000 	/System/Library/Frameworks/CoreBluetooth.framework/Versions/A/CoreBluetooth
0x00000000088bb000 	/System/Library/PrivateFrameworks/DebugSymbols.framework/Versions/A/DebugSymbols
0x00000000088bb000 	/System/Library/PrivateFrameworks/CoreSymbolication.framework/Versions/A/CoreSymbolication
0x00000000088bb000 	/System/Library/PrivateFrameworks/Symbolication.framework/Versions/A/Symbolication
0x00000000088bb000 	/System/Library/PrivateFrameworks/AppleFSCompression.framework/Versions/A/AppleFSCompression
0x00000000088bb000 	/System/Library/PrivateFrameworks/SpeechRecognitionCore.framework/Versions/A/SpeechRecognitionCore
0x000000010ae00000 	/Library/Java/JavaVirtualMachines/jdk1.8.0_92.jdk/Contents/Home/jre/lib/server/libjvm.dylib
0x00000000088bb000 	/usr/lib/libstdc++.6.0.9.dylib
0x0000000109ddb000 	/Library/Java/JavaVirtualMachines/jdk1.8.0_92.jdk/Contents/Home/jre/lib/libverify.dylib
0x000000010bd97000 	/Library/Java/JavaVirtualMachines/jdk1.8.0_92.jdk/Contents/Home/jre/lib/libjava.dylib
0x000000010bdcc000 	/Library/Java/JavaVirtualMachines/jdk1.8.0_92.jdk/Contents/Home/jre/lib/libjdwp.dylib
0x0000000109dea000 	/Library/Java/JavaVirtualMachines/jdk1.8.0_92.jdk/Contents/Home/jre/lib/libnpt.dylib
0x000000010be17000 	/Library/Java/JavaVirtualMachines/jdk1.8.0_92.jdk/Contents/Home/jre/lib/libinstrument.dylib
0x000000010beab000 	/Library/Java/JavaVirtualMachines/jdk1.8.0_92.jdk/Contents/Home/jre/lib/libzip.dylib
0x00000000088bb000 	/System/Library/Frameworks/JavaVM.framework/Versions/A/Frameworks/JavaRuntimeSupport.framework/Versions/A/JavaRuntimeSupport
0x00000000088bb000 	/System/Library/Frameworks/JavaVM.framework/Versions/A/Frameworks/JavaNativeFoundation.framework/Versions/A/JavaNativeFoundation
0x00000000088bb000 	/System/Library/Frameworks/JavaVM.framework/Versions/A/JavaVM
0x00000000088bb000 	/System/Library/Frameworks/Carbon.framework/Versions/A/Carbon
0x00000000088bb000 	/System/Library/PrivateFrameworks/JavaLaunching.framework/Versions/A/JavaLaunching
0x00000000088bb000 	/System/Library/Frameworks/Carbon.framework/Versions/A/Frameworks/CommonPanels.framework/Versions/A/CommonPanels
0x00000000088bb000 	/System/Library/Frameworks/Carbon.framework/Versions/A/Frameworks/Help.framework/Versions/A/Help
0x00000000088bb000 	/System/Library/Frameworks/Carbon.framework/Versions/A/Frameworks/ImageCapture.framework/Versions/A/ImageCapture
0x00000000088bb000 	/System/Library/Frameworks/Carbon.framework/Versions/A/Frameworks/OpenScripting.framework/Versions/A/OpenScripting
0x00000000088bb000 	/System/Library/Frameworks/Carbon.framework/Versions/A/Frameworks/Print.framework/Versions/A/Print
0x00000000088bb000 	/System/Library/Frameworks/Carbon.framework/Versions/A/Frameworks/SecurityHI.framework/Versions/A/SecurityHI
0x0000000111903000 	/Library/Java/JavaVirtualMachines/jdk1.8.0_92.jdk/Contents/Home/jre/lib/libdt_socket.dylib

VM Arguments:
jvm_args: -agentlib:jdwp=transport=dt_socket,address=127.0.0.1:63133,suspend=y,server=n -javaagent:/Users/satyam mishra, Data Structure/Library/Caches/IdeaIC2018.1/captureAgent/debugger-agent.jar=file:/private/var/folders/tt/qmgd0_c56pj8ws7tfdmr5y_5b_yjxm/T/capture.props -Dfile.encoding=UTF-8
java_command: Practise.TestClass
java_class_path (initial): /Library/Java/JavaVirtualMachines/jdk1.8.0_92.jdk/Contents/Home/jre/lib/charsets.jar:/Library/Java/JavaVirtualMachines/jdk1.8.0_92.jdk/Contents/Home/jre/lib/deploy.jar:/Library/Java/JavaVirtualMachines/jdk1.8.0_92.jdk/Contents/Home/jre/lib/ext/cldrdata.jar:/Library/Java/JavaVirtualMachines/jdk1.8.0_92.jdk/Contents/Home/jre/lib/ext/dnsns.jar:/Library/Java/JavaVirtualMachines/jdk1.8.0_92.jdk/Contents/Home/jre/lib/ext/jaccess.jar:/Library/Java/JavaVirtualMachines/jdk1.8.0_92.jdk/Contents/Home/jre/lib/ext/jfxrt.jar:/Library/Java/JavaVirtualMachines/jdk1.8.0_92.jdk/Contents/Home/jre/lib/ext/localedata.jar:/Library/Java/JavaVirtualMachines/jdk1.8.0_92.jdk/Contents/Home/jre/lib/ext/nashorn.jar:/Library/Java/JavaVirtualMachines/jdk1.8.0_92.jdk/Contents/Home/jre/lib/ext/sunec.jar:/Library/Java/JavaVirtualMachines/jdk1.8.0_92.jdk/Contents/Home/jre/lib/ext/sunjce_provider.jar:/Library/Java/JavaVirtualMachines/jdk1.8.0_92.jdk/Contents/Home/jre/lib/ext/sunpkcs11.jar:/Library/Java/JavaVirtualMachines/jdk1.8.0_92.jdk/Contents/Home/jre/lib/ext/zipfs.jar:/Library/Java/JavaVirtualMachines/jdk1.8.0_92.jdk/Contents/Home/jre/lib/javaws.jar:/Library/Java/JavaVirtualMachines/jdk1.8.0_92.jdk/Contents/Home/jre/lib/jce.jar:/Library/Java/JavaVirtualMachines/jdk1.8.0_92.jdk/Contents/Home/jre/lib/jfr.jar:/Library/Java/JavaVirtualMachines/jdk1.8.0_92.jdk/Contents/Home/jre/lib/jfxswt.jar:/Library/Java/JavaVirtualMachines/jdk1.8.0_92.jdk/Contents/Home/jre/lib/jsse.jar:/Library/Java/JavaVirtualMachines/jdk1.8.0_92.jdk/Contents/Home/jre/lib/management-agent.jar:/Library/Java/JavaVirtualMachines/jdk1.8.0_92.jdk/Contents/Home/jre/lib/plugin.jar:/Library/Java/JavaVirtualMachines/jdk1.8.0_92.jdk/Contents/Home/jre/lib/resources.jar:/Library/Java/JavaVirtualMachines/jdk1.8.0_92.jdk/Contents/Home/jre/lib/rt.jar:/Library/Java/JavaVirtualMachines/jdk1.8.0_92.jdk/Contents/Home/lib/ant-javafx.jar:/Library/Java/JavaVirtualMachines/jdk1.8.0_92.jdk/Contents/Home/lib/dt.jar:/Library/Ja
Launcher Type: SUN_STANDARD

Environment Variables:
JAVA_HOME=/Library/Java/JavaVirtualMachines/jdk1.8.0_92.jdk/Contents/Home
PATH=/usr/local/bin:/usr/bin:/bin:/usr/sbin:/sbin:/usr/local/apache-maven-3.3.9/bin
SHELL=/bin/bash

Signal Handlers:
SIGSEGV: [libjvm.dylib+0x5aa779], sa_mask[0]=11111111011111110111111111111111, sa_flags=SA_ONSTACK|SA_RESTART|SA_SIGINFO
SIGBUS: [libjvm.dylib+0x5aa779], sa_mask[0]=11111111011111110111111111111111, sa_flags=SA_RESTART|SA_SIGINFO
SIGFPE: [libjvm.dylib+0x4831d0], sa_mask[0]=11111111011111110111111111111111, sa_flags=SA_RESTART|SA_SIGINFO
SIGPIPE: [libjvm.dylib+0x4831d0], sa_mask[0]=11111111011111110111111111111111, sa_flags=SA_RESTART|SA_SIGINFO
SIGXFSZ: [libjvm.dylib+0x4831d0], sa_mask[0]=11111111011111110111111111111111, sa_flags=SA_RESTART|SA_SIGINFO
SIGILL: [libjvm.dylib+0x4831d0], sa_mask[0]=11111111011111110111111111111111, sa_flags=SA_RESTART|SA_SIGINFO
SIGUSR1: SIG_DFL, sa_mask[0]=00000000000000000000000000000000, sa_flags=none
SIGUSR2: [libjvm.dylib+0x482cee], sa_mask[0]=00100000000000000000000000000000, sa_flags=SA_RESTART|SA_SIGINFO
SIGHUP: [libjvm.dylib+0x4812c5], sa_mask[0]=11111111011111110111111111111111, sa_flags=SA_RESTART|SA_SIGINFO
SIGINT: [libjvm.dylib+0x4812c5], sa_mask[0]=11111111011111110111111111111111, sa_flags=SA_RESTART|SA_SIGINFO
SIGTERM: [libjvm.dylib+0x4812c5], sa_mask[0]=11111111011111110111111111111111, sa_flags=SA_RESTART|SA_SIGINFO
SIGQUIT: [libjvm.dylib+0x4812c5], sa_mask[0]=11111111011111110111111111111111, sa_flags=SA_RESTART|SA_SIGINFO


---------------  S Y S T E M  ---------------

OS:Bsduname:Darwin 17.5.0 Darwin Kernel Version 17.5.0: Fri Apr 13 19:32:32 PDT 2018; root:xnu-4570.51.2~1/RELEASE_X86_64 x86_64
rlimit: STACK 8192k, CORE 0k, NPROC 1418, NOFILE 10240, AS infinity
load average:2.77 3.21 2.85

CPU:total 8 (4 cores per cpu, 2 threads per core) family 6 model 94 stepping 3, cmov, cx8, fxsr, mmx, sse, sse2, sse3, ssse3, sse4.1, sse4.2, popcnt, avx, avx2, aes, clmul, erms, rtm, 3dnowpref, lzcnt, ht, tsc, tscinvbit, bmi1, bmi2, adx

Memory: 4k page, physical 16777216k(2227188k free)

/proc/meminfo:


vm_info: Java HotSpot(TM) 64-Bit Server VM (25.92-b14) for bsd-amd64 JRE (1.8.0_92-b14), built on Mar 31 2016 21:23:14 by "java_re" with gcc 4.2.1 (Based on Apple Inc. build 5658) (LLVM build 2336.11.00)

time: Sat Jul 21 16:21:23 2018
elapsed time: 19828 seconds (0d 5h 30m 28s)

