#
# A fatal error has been detected by the Java Runtime Environment:
#
#  SIGSEGV (0xb) at pc=0x00000001289c4a08, pid=25035, tid=0x0000000000002503
#
# JRE version: Java(TM) SE Runtime Environment (8.0_92-b14) (build 1.8.0_92-b14)
# Java VM: Java HotSpot(TM) 64-Bit Server VM (25.92-b14 mixed mode bsd-amd64 compressed oops)
# Problematic frame:
# C  [libtesseract.dylib+0x13a08]  tesseract::Tesseract::recog_all_words(PAGE_RES*, ETEXT_DESC*, TBOX const*, char const*, int)+0xa0
#
# Failed to write core dump. Core dumps have been disabled. To enable core dumping, try "ulimit -c unlimited" before starting Java again
#
# If you would like to submit a bug report, please visit:
#   http://bugreport.java.com/bugreport/crash.jsp
# The crash happened outside the Java Virtual Machine in native code.
# See problematic frame for where to report the bug.
#

---------------  T H R E A D  ---------------

Current thread (0x00007fcb96007000):  JavaThread "main" [_thread_in_native, id=9475, stack(0x000070000ac09000,0x000070000ad09000)]

siginfo: si_signo: 11 (SIGSEGV), si_code: 1 (SEGV_MAPERR), si_addr: 0x000000000000000c

Registers:
RAX=0x0000000000000000, RBX=0x00007fcb98094de0, RCX=0x0000000000000000, RDX=0x00007fcb9809cd80
RSP=0x000070000ad076b0, RBP=0x000070000ad07820, RSI=0x0000000000000000, RDI=0x000070000ad07778
R8 =0x0000000000000000, R9 =0x0000000000000000, R10=0x000000000001ffff, R11=0xfffffffffffb2ee0
R12=0x0000000000000000, R13=0x0000000000000000, R14=0x0000000000000000, R15=0x000000011508a000
RIP=0x00000001289c4a08, EFLAGS=0x0000000000010246, ERR=0x0000000000000004
  TRAPNO=0x000000000000000e

Top of Stack: (sp=0x000070000ad076b0)
0x000070000ad076b0:   00007fcb983a9400 00007fcb98094de0
0x000070000ad076c0:   0000000000000000 0000000000000000
0x000070000ad076d0:   0000000000000000 00007fcb980983f0
0x000070000ad076e0:   00007fcb98095380 00007fcb980969a0
0x000070000ad076f0:   00007fcb9809d710 00007fcb9809cd80
0x000070000ad07700:   00007fcb980969a0 00007fcb98094de8
0x000070000ad07710:   00007fcb980969a0 00007fcb980969a0
0x000070000ad07720:   00007fcb980969a0 00007fcb9b120000
0x000070000ad07730:   00007fcb980969a0 00007fcb98095300
0x000070000ad07740:   00007fcb980969c8 00007fcb98095380
0x000070000ad07750:   00007fcb9809cd80 00007fcb980a1940
0x000070000ad07760:   00007fcb98090000 00007fcb98095380
0x000070000ad07770:   000070000ad07801 00007fcb9809cda0
0x000070000ad07780:   00007fcb9809d710 00007fcb9809cdb0
0x000070000ad07790:   00007fcb9809d9e0 00007fcb98090000
0x000070000ad077a0:   00007fcb9809d710 00000001289b3501
0x000070000ad077b0:   00007fcb983a2440 0000000128b65063
0x000070000ad077c0:   000000011508a150 00007fcb983a0e80
0x000070000ad077d0:   00007fcb983a0e80 000000011508a000
0x000070000ad077e0:   0000000000000000 0000000000000000
0x000070000ad077f0:   000070000ad07820 000070000ad07801
0x000070000ad07800:   00007fcb983a0e80 000000011508a000
0x000070000ad07810:   00000000ffffffff 0000000000000000
0x000070000ad07820:   000070000ad07890 00000001289b512a
0x000070000ad07830:   0000000000000000 00000001127f6040
0x000070000ad07840:   000070000ad078c0 00000001152ca040
0x000070000ad07850:   000070000ad078c0 00000001152ca040
0x000070000ad07860:   0100000000000016 00007fcb983a0e80
0x000070000ad07870:   0000000000000008 0000000000000001
0x000070000ad07880:   0000000000000000 000070000ad07a00
0x000070000ad07890:   000070000ad078c0 00000001289b408d
0x000070000ad078a0:   0000000000000000 0000000000000001 

Instructions: (pc=0x00000001289c4a08)
0x00000001289c49e8:   83 bf 90 15 00 00 00 7e 0d 4d 89 f4 4c 89 ff e8
0x00000001289c49f8:   3a bd 0b 00 eb 18 4d 89 f4 49 8b 87 38 0a 00 00
0x00000001289c4a08:   80 78 0c 00 74 08 4c 89 ff e8 94 bd 0b 00 48 89
0x00000001289c4a18:   5d d0 41 83 bf e8 47 02 00 00 7e 3e 31 db 49 8b 

Register to memory mapping:

RAX=0x0000000000000000 is an unknown value
RBX=0x00007fcb98094de0 is an unknown value
RCX=0x0000000000000000 is an unknown value
RDX=0x00007fcb9809cd80 is an unknown value
RSP=0x000070000ad076b0 is pointing into the stack for thread: 0x00007fcb96007000
RBP=0x000070000ad07820 is pointing into the stack for thread: 0x00007fcb96007000
RSI=0x0000000000000000 is an unknown value
RDI=0x000070000ad07778 is pointing into the stack for thread: 0x00007fcb96007000
R8 =0x0000000000000000 is an unknown value
R9 =0x0000000000000000 is an unknown value
R10=0x000000000001ffff is an unknown value
R11=0xfffffffffffb2ee0 is an unknown value
R12=0x0000000000000000 is an unknown value
R13=0x0000000000000000 is an unknown value
R14=0x0000000000000000 is an unknown value
R15=0x000000011508a000 is an unknown value


Stack: [0x000070000ac09000,0x000070000ad09000],  sp=0x000070000ad076b0,  free space=1017k
Native frames: (J=compiled Java code, j=interpreted, Vv=VM code, C=native code)
C  [libtesseract.dylib+0x13a08]  tesseract::Tesseract::recog_all_words(PAGE_RES*, ETEXT_DESC*, TBOX const*, char const*, int)+0xa0
C  [libtesseract.dylib+0x412a]  tesseract::TessBaseAPI::Recognize(ETEXT_DESC*)+0x376
C  [libtesseract.dylib+0x308d]  tesseract::TessBaseAPI::GetUTF8Text()+0x2b
C  [jna7182613880107477637.tmp+0xd94c]  ffi_call_unix64+0x4c
C  0x000070000ad08350

Java frames: (J=compiled Java code, j=interpreted, Vv=VM code)
j  com.sun.jna.Native.invokePointer(JI[Ljava/lang/Object;)J+0
j  com.sun.jna.Function.invokePointer(I[Ljava/lang/Object;)Lcom/sun/jna/Pointer;+6
j  com.sun.jna.Function.invoke([Ljava/lang/Object;Ljava/lang/Class;Z)Ljava/lang/Object;+426
j  com.sun.jna.Function.invoke(Ljava/lang/Class;[Ljava/lang/Object;Ljava/util/Map;)Ljava/lang/Object;+262
j  com.sun.jna.Library$Handler.invoke(Ljava/lang/Object;Ljava/lang/reflect/Method;[Ljava/lang/Object;)Ljava/lang/Object;+316
j  com.sun.proxy.$Proxy0.TessBaseAPIGetUTF8Text(Lnet/sourceforge/tess4j/ITessAPI$TessBaseAPI;)Lcom/sun/jna/Pointer;+16
j  net.sourceforge.tess4j.Tesseract.getOCRText(Ljava/lang/String;I)Ljava/lang/String;+62
j  net.sourceforge.tess4j.Tesseract.doOCR(Ljava/util/List;Ljava/lang/String;Ljava/awt/Rectangle;)Ljava/lang/String;+69
j  net.sourceforge.tess4j.Tesseract.doOCR(Ljava/io/File;Ljava/awt/Rectangle;)Ljava/lang/String;+10
j  net.sourceforge.tess4j.Tesseract.doOCR(Ljava/io/File;)Ljava/lang/String;+3
j  OCRReader.main([Ljava/lang/String;)V+26
v  ~StubRoutines::call_stub

---------------  P R O C E S S  ---------------

Java Threads: ( => current thread )
  0x00007fcb960ef000 JavaThread "Java2D Disposer" daemon [_thread_blocked, id=82451, stack(0x000070000c4dd000,0x000070000c5dd000)]
  0x00007fcb998d7800 JavaThread "AWT-Shutdown" [_thread_blocked, id=37671, stack(0x000070000c045000,0x000070000c145000)]
  0x00007fcb968ab000 JavaThread "AWT-AppKit" daemon [_thread_in_native, id=775, stack(0x00007ffee871b000,0x00007ffee8f1b000)]
  0x00007fcb97861000 JavaThread "Service Thread" daemon [_thread_blocked, id=16131, stack(0x000070000be3f000,0x000070000bf3f000)]
  0x00007fcb97860000 JavaThread "C1 CompilerThread3" daemon [_thread_blocked, id=15875, stack(0x000070000bd3c000,0x000070000be3c000)]
  0x00007fcb9a002000 JavaThread "C2 CompilerThread2" daemon [_thread_blocked, id=15619, stack(0x000070000bc39000,0x000070000bd39000)]
  0x00007fcb97857800 JavaThread "C2 CompilerThread1" daemon [_thread_blocked, id=15363, stack(0x000070000bb36000,0x000070000bc36000)]
  0x00007fcb97856800 JavaThread "C2 CompilerThread0" daemon [_thread_blocked, id=14851, stack(0x000070000ba33000,0x000070000bb33000)]
  0x00007fcb9701c000 JavaThread "Monitor Ctrl-Break" daemon [_thread_in_native, id=14595, stack(0x000070000b930000,0x000070000ba30000)]
  0x00007fcb9781e000 JavaThread "Signal Dispatcher" daemon [_thread_blocked, id=17667, stack(0x000070000b82d000,0x000070000b92d000)]
  0x00007fcb97036800 JavaThread "Finalizer" daemon [_thread_blocked, id=12803, stack(0x000070000b72a000,0x000070000b82a000)]
  0x00007fcb99802000 JavaThread "Reference Handler" daemon [_thread_blocked, id=12291, stack(0x000070000b627000,0x000070000b727000)]
=>0x00007fcb96007000 JavaThread "main" [_thread_in_native, id=9475, stack(0x000070000ac09000,0x000070000ad09000)]

Other Threads:
  0x00007fcb97036000 VMThread [stack: 0x000070000b524000,0x000070000b624000] [id=19459]
  0x00007fcb98875000 WatcherThread [stack: 0x000070000bf42000,0x000070000c042000] [id=21763]

VM state:not at safepoint (normal execution)

VM Mutex/Monitor currently owned by a thread: None

Heap:
 PSYoungGen      total 76288K, used 36462K [0x000000076ab00000, 0x0000000770000000, 0x00000007c0000000)
  eden space 65536K, 55% used [0x000000076ab00000,0x000000076ce9bb30,0x000000076eb00000)
  from space 10752K, 0% used [0x000000076f580000,0x000000076f580000,0x0000000770000000)
  to   space 10752K, 0% used [0x000000076eb00000,0x000000076eb00000,0x000000076f580000)
 ParOldGen       total 175104K, used 0K [0x00000006c0000000, 0x00000006cab00000, 0x000000076ab00000)
  object space 175104K, 0% used [0x00000006c0000000,0x00000006c0000000,0x00000006cab00000)
 Metaspace       used 11127K, capacity 11362K, committed 11520K, reserved 1058816K
  class space    used 1373K, capacity 1467K, committed 1536K, reserved 1048576K

Card table byte_map: [0x0000000109157000,0x0000000109958000] byte_map_base: 0x0000000105b57000

Marking Bits: (ParMarkBitMap*) 0x00000001086e8bd0
 Begin Bits: [0x0000000109eae000, 0x000000010deae000)
 End Bits:   [0x000000010deae000, 0x0000000111eae000)

Polling page: 0x0000000106d57000

CodeCache: size=245760Kb used=3078Kb max_used=3089Kb free=242682Kb
 bounds [0x00000001152c2000, 0x00000001155d2000, 0x00000001242c2000]
 total_blobs=1134 nmethods=757 adapters=291
 compilation: enabled

Compilation events (10 events):
Event: 1.532 Thread 0x00007fcb97860000  754       3       java.lang.Math::min (12 bytes)
Event: 1.533 Thread 0x00007fcb97860000 nmethod 754 0x00000001155c0e50 code [0x00000001155c0fc0, 0x00000001155c1150]
Event: 1.533 Thread 0x00007fcb97860000  755       3       java.io.RandomAccessFile::readFully (45 bytes)
Event: 1.533 Thread 0x00007fcb97860000 nmethod 755 0x00000001155c11d0 code [0x00000001155c1360, 0x00000001155c1738]
Event: 1.535 Thread 0x00007fcb97856800 nmethod 721 0x00000001155c5110 code [0x00000001155c52a0, 0x00000001155c5e58]
Event: 1.536 Thread 0x00007fcb97857800 nmethod 723 0x00000001155c2910 code [0x00000001155c2aa0, 0x00000001155c36b8]
Event: 1.549 Thread 0x00007fcb97860000  756       3       sun.reflect.ClassFileAssembler::emitShort (24 bytes)
Event: 1.550 Thread 0x00007fcb97860000 nmethod 756 0x00000001155c2050 code [0x00000001155c21e0, 0x00000001155c2518]
Event: 1.550 Thread 0x00007fcb97860000  757       1       java.lang.System::getSecurityManager (4 bytes)
Event: 1.550 Thread 0x00007fcb97860000 nmethod 757 0x00000001155c1dd0 code [0x00000001155c1f20, 0x00000001155c2010]

GC Heap History (0 events):
No events

Deoptimization events (5 events):
Event: 0.677 Thread 0x00007fcb96007000 Uncommon trap: reason=unstable_if action=reinterpret pc=0x000000011546b908 method=java.lang.String.replace(CC)Ljava/lang/String; @ 26
Event: 0.691 Thread 0x00007fcb96007000 Uncommon trap: reason=unstable_if action=reinterpret pc=0x0000000115438f8c method=java.lang.String.indexOf([CII[CIII)I @ 3
Event: 0.692 Thread 0x00007fcb96007000 Uncommon trap: reason=unstable_if action=reinterpret pc=0x0000000115442da8 method=sun.misc.MetaIndex.mayContain(Ljava/lang/String;)Z @ 38
Event: 1.416 Thread 0x00007fcb96007000 Uncommon trap: reason=unstable_if action=reinterpret pc=0x000000011553c28c method=java.util.HashMap.getNode(ILjava/lang/Object;)Ljava/util/HashMap$Node; @ 62
Event: 1.416 Thread 0x00007fcb96007000 Uncommon trap: reason=unstable_if action=reinterpret pc=0x000000011551a758 method=java.util.HashMap.getNode(ILjava/lang/Object;)Ljava/util/HashMap$Node; @ 62

Internal exceptions (10 events):
Event: 0.051 Thread 0x00007fcb96007000 Exception <a 'java/lang/NoSuchMethodError': Method sun.misc.Unsafe.prefetchRead(Ljava/lang/Object;J)V name or signature does not match> (0x000000076ab07fa8) thrown at [/Users/java_re/workspace/8-2-build-macosx-x86_64/jdk8u92/6642/hotspot/src/share/vm/prim
Event: 0.306 Thread 0x00007fcb96007000 Exception <a 'java/security/PrivilegedActionException'> (0x000000076b029310) thrown at [/Users/java_re/workspace/8-2-build-macosx-x86_64/jdk8u92/6642/hotspot/src/share/vm/prims/jvm.cpp, line 1386]
Event: 0.307 Thread 0x00007fcb96007000 Exception <a 'java/security/PrivilegedActionException'> (0x000000076b029520) thrown at [/Users/java_re/workspace/8-2-build-macosx-x86_64/jdk8u92/6642/hotspot/src/share/vm/prims/jvm.cpp, line 1386]
Event: 0.307 Thread 0x00007fcb96007000 Exception <a 'java/security/PrivilegedActionException'> (0x000000076b02c7c0) thrown at [/Users/java_re/workspace/8-2-build-macosx-x86_64/jdk8u92/6642/hotspot/src/share/vm/prims/jvm.cpp, line 1386]
Event: 0.307 Thread 0x00007fcb96007000 Exception <a 'java/security/PrivilegedActionException'> (0x000000076b02c9d0) thrown at [/Users/java_re/workspace/8-2-build-macosx-x86_64/jdk8u92/6642/hotspot/src/share/vm/prims/jvm.cpp, line 1386]
Event: 0.384 Thread 0x00007fcb96007000 Exception <a 'java/io/FileNotFoundException'> (0x000000076b1fee18) thrown at [/Users/java_re/workspace/8-2-build-macosx-x86_64/jdk8u92/6642/hotspot/src/share/vm/prims/jni.cpp, line 709]
Event: 0.735 Thread 0x00007fcb96007000 Exception <a 'java/lang/NoSuchFieldError': method resolution failed> (0x000000076bc62d78) thrown at [/Users/java_re/workspace/8-2-build-macosx-x86_64/jdk8u92/6642/hotspot/src/share/vm/prims/methodHandles.cpp, line 1146]
Event: 0.736 Thread 0x00007fcb96007000 Exception <a 'java/lang/NoSuchFieldError': method resolution failed> (0x000000076bc70d08) thrown at [/Users/java_re/workspace/8-2-build-macosx-x86_64/jdk8u92/6642/hotspot/src/share/vm/prims/methodHandles.cpp, line 1146]
Event: 1.168 Thread 0x00007fcb96007000 Exception <a 'java/io/FileNotFoundException'> (0x000000076bd0aff8) thrown at [/Users/java_re/workspace/8-2-build-macosx-x86_64/jdk8u92/6642/hotspot/src/share/vm/prims/jni.cpp, line 709]
Event: 1.169 Thread 0x00007fcb96007000 Exception <a 'java/io/FileNotFoundException'> (0x000000076bd0bb18) thrown at [/Users/java_re/workspace/8-2-build-macosx-x86_64/jdk8u92/6642/hotspot/src/share/vm/prims/jni.cpp, line 709]

Events (10 events):
Event: 1.523 loading class javax/imageio/ImageIO$CanDecodeInputFilter
Event: 1.523 loading class javax/imageio/ImageIO$CanDecodeInputFilter done
Event: 1.523 loading class com/github/jaiimageio/stream/RawImageInputStream
Event: 1.523 loading class com/github/jaiimageio/stream/RawImageInputStream done
Event: 1.537 loading class java/nio/DirectByteBuffer$Deallocator
Event: 1.537 loading class java/nio/DirectByteBuffer$Deallocator done
Event: 1.537 loading class java/lang/StrictMath
Event: 1.537 loading class java/lang/StrictMath done
Event: 1.537 loading class com/sun/jna/Native$Buffers
Event: 1.537 loading class com/sun/jna/Native$Buffers done


Dynamic libraries:
0x00000000163f8000 	/System/Library/Frameworks/Cocoa.framework/Versions/A/Cocoa
0x00000000163f8000 	/System/Library/Frameworks/Security.framework/Versions/A/Security
0x00000000163f8000 	/System/Library/Frameworks/ApplicationServices.framework/Versions/A/ApplicationServices
0x00000000163f8000 	/usr/lib/libz.1.dylib
0x00000000163f8000 	/usr/lib/libSystem.B.dylib
0x00000000163f8000 	/usr/lib/libobjc.A.dylib
0x00000000163f8000 	/System/Library/Frameworks/CoreFoundation.framework/Versions/A/CoreFoundation
0x00000000163f8000 	/System/Library/Frameworks/Foundation.framework/Versions/C/Foundation
0x00000000163f8000 	/System/Library/Frameworks/AppKit.framework/Versions/C/AppKit
0x00000000163f8000 	/System/Library/Frameworks/CoreData.framework/Versions/A/CoreData
0x00000000163f8000 	/System/Library/PrivateFrameworks/RemoteViewServices.framework/Versions/A/RemoteViewServices
0x00000000163f8000 	/System/Library/PrivateFrameworks/UIFoundation.framework/Versions/A/UIFoundation
0x00000000163f8000 	/System/Library/PrivateFrameworks/XCTTargetBootstrap.framework/Versions/A/XCTTargetBootstrap
0x00000000163f8000 	/System/Library/PrivateFrameworks/IconServices.framework/Versions/A/IconServices
0x00000000163f8000 	/System/Library/Frameworks/Metal.framework/Versions/A/Metal
0x00000000163f8000 	/System/Library/PrivateFrameworks/DesktopServicesPriv.framework/Versions/A/DesktopServicesPriv
0x00000000163f8000 	/usr/lib/libenergytrace.dylib
0x00000000163f8000 	/System/Library/PrivateFrameworks/SkyLight.framework/Versions/A/SkyLight
0x00000000163f8000 	/System/Library/Frameworks/CoreGraphics.framework/Versions/A/CoreGraphics
0x00000000163f8000 	/System/Library/Frameworks/Accelerate.framework/Versions/A/Accelerate
0x00000000163f8000 	/System/Library/Frameworks/IOSurface.framework/Versions/A/IOSurface
0x00000000163f8000 	/System/Library/PrivateFrameworks/DFRFoundation.framework/Versions/A/DFRFoundation
0x00000000163f8000 	/System/Library/Frameworks/AudioToolbox.framework/Versions/A/AudioToolbox
0x00000000163f8000 	/System/Library/Frameworks/AudioUnit.framework/Versions/A/AudioUnit
0x00000000163f8000 	/System/Library/PrivateFrameworks/DataDetectorsCore.framework/Versions/A/DataDetectorsCore
0x00000000163f8000 	/System/Library/Frameworks/Carbon.framework/Versions/A/Frameworks/HIToolbox.framework/Versions/A/HIToolbox
0x00000000163f8000 	/usr/lib/libicucore.A.dylib
0x00000000163f8000 	/System/Library/Frameworks/QuartzCore.framework/Versions/A/QuartzCore
0x00000000163f8000 	/System/Library/Frameworks/Carbon.framework/Versions/A/Frameworks/SpeechRecognition.framework/Versions/A/SpeechRecognition
0x00000000163f8000 	/usr/lib/libauto.dylib
0x00000000163f8000 	/usr/lib/libxml2.2.dylib
0x00000000163f8000 	/System/Library/PrivateFrameworks/CoreUI.framework/Versions/A/CoreUI
0x00000000163f8000 	/System/Library/Frameworks/CoreAudio.framework/Versions/A/CoreAudio
0x00000000163f8000 	/System/Library/Frameworks/DiskArbitration.framework/Versions/A/DiskArbitration
0x00000000163f8000 	/usr/lib/liblangid.dylib
0x00000000163f8000 	/System/Library/PrivateFrameworks/MultitouchSupport.framework/Versions/A/MultitouchSupport
0x00000000163f8000 	/System/Library/Frameworks/IOKit.framework/Versions/A/IOKit
0x00000000163f8000 	/usr/lib/libDiagnosticMessagesClient.dylib
0x00000000163f8000 	/System/Library/Frameworks/CoreServices.framework/Versions/A/CoreServices
0x00000000163f8000 	/System/Library/PrivateFrameworks/PerformanceAnalysis.framework/Versions/A/PerformanceAnalysis
0x00000000163f8000 	/System/Library/Frameworks/OpenGL.framework/Versions/A/OpenGL
0x00000000163f8000 	/System/Library/Frameworks/ColorSync.framework/Versions/A/ColorSync
0x00000000163f8000 	/System/Library/Frameworks/CoreImage.framework/Versions/A/CoreImage
0x00000000163f8000 	/System/Library/Frameworks/CoreText.framework/Versions/A/CoreText
0x00000000163f8000 	/System/Library/Frameworks/ImageIO.framework/Versions/A/ImageIO
0x00000000163f8000 	/System/Library/PrivateFrameworks/Backup.framework/Versions/A/Backup
0x00000000163f8000 	/usr/lib/libarchive.2.dylib
0x00000000163f8000 	/System/Library/Frameworks/CFNetwork.framework/Versions/A/CFNetwork
0x00000000163f8000 	/System/Library/Frameworks/SystemConfiguration.framework/Versions/A/SystemConfiguration
0x00000000163f8000 	/usr/lib/libCRFSuite.dylib
0x00000000163f8000 	/usr/lib/libc++.1.dylib
0x00000000163f8000 	/usr/lib/libc++abi.dylib
0x00000000163f8000 	/usr/lib/system/libcache.dylib
0x00000000163f8000 	/usr/lib/system/libcommonCrypto.dylib
0x00000000163f8000 	/usr/lib/system/libcompiler_rt.dylib
0x00000000163f8000 	/usr/lib/system/libcopyfile.dylib
0x00000000163f8000 	/usr/lib/system/libcorecrypto.dylib
0x00000000163f8000 	/usr/lib/system/libdispatch.dylib
0x00000000163f8000 	/usr/lib/system/libdyld.dylib
0x00000000163f8000 	/usr/lib/system/libkeymgr.dylib
0x00000000163f8000 	/usr/lib/system/liblaunch.dylib
0x00000000163f8000 	/usr/lib/system/libmacho.dylib
0x00000000163f8000 	/usr/lib/system/libquarantine.dylib
0x00000000163f8000 	/usr/lib/system/libremovefile.dylib
0x00000000163f8000 	/usr/lib/system/libsystem_asl.dylib
0x00000000163f8000 	/usr/lib/system/libsystem_blocks.dylib
0x00000000163f8000 	/usr/lib/system/libsystem_c.dylib
0x00000000163f8000 	/usr/lib/system/libsystem_configuration.dylib
0x00000000163f8000 	/usr/lib/system/libsystem_coreservices.dylib
0x00000000163f8000 	/usr/lib/system/libsystem_darwin.dylib
0x00000000163f8000 	/usr/lib/system/libsystem_dnssd.dylib
0x00000000163f8000 	/usr/lib/system/libsystem_info.dylib
0x00000000163f8000 	/usr/lib/system/libsystem_m.dylib
0x00000000163f8000 	/usr/lib/system/libsystem_malloc.dylib
0x00000000163f8000 	/usr/lib/system/libsystem_networkextension.dylib
0x00000000163f8000 	/usr/lib/system/libsystem_notify.dylib
0x00000000163f8000 	/usr/lib/system/libsystem_sandbox.dylib
0x00000000163f8000 	/usr/lib/system/libsystem_secinit.dylib
0x00000000163f8000 	/usr/lib/system/libsystem_kernel.dylib
0x00000000163f8000 	/usr/lib/system/libsystem_platform.dylib
0x00000000163f8000 	/usr/lib/system/libsystem_pthread.dylib
0x00000000163f8000 	/usr/lib/system/libsystem_symptoms.dylib
0x00000000163f8000 	/usr/lib/system/libsystem_trace.dylib
0x00000000163f8000 	/usr/lib/system/libunwind.dylib
0x00000000163f8000 	/usr/lib/system/libxpc.dylib
0x00000000163f8000 	/usr/lib/libbsm.0.dylib
0x00000000163f8000 	/usr/lib/system/libkxld.dylib
0x00000000163f8000 	/System/Library/PrivateFrameworks/AppleFSCompression.framework/Versions/A/AppleFSCompression
0x00000000163f8000 	/usr/lib/libOpenScriptingUtil.dylib
0x00000000163f8000 	/usr/lib/libcoretls.dylib
0x00000000163f8000 	/usr/lib/libcoretls_cfhelpers.dylib
0x00000000163f8000 	/usr/lib/libpam.2.dylib
0x00000000163f8000 	/usr/lib/libsqlite3.dylib
0x00000000163f8000 	/usr/lib/libxar.1.dylib
0x00000000163f8000 	/usr/lib/libbz2.1.0.dylib
0x00000000163f8000 	/usr/lib/liblzma.5.dylib
0x00000000163f8000 	/usr/lib/libnetwork.dylib
0x00000000163f8000 	/usr/lib/libapple_nghttp2.dylib
0x00000000163f8000 	/usr/lib/libpcap.A.dylib
0x00000000163f8000 	/System/Library/Frameworks/CoreServices.framework/Versions/A/Frameworks/FSEvents.framework/Versions/A/FSEvents
0x00000000163f8000 	/System/Library/Frameworks/CoreServices.framework/Versions/A/Frameworks/CarbonCore.framework/Versions/A/CarbonCore
0x00000000163f8000 	/System/Library/Frameworks/CoreServices.framework/Versions/A/Frameworks/Metadata.framework/Versions/A/Metadata
0x00000000163f8000 	/System/Library/Frameworks/CoreServices.framework/Versions/A/Frameworks/OSServices.framework/Versions/A/OSServices
0x00000000163f8000 	/System/Library/Frameworks/CoreServices.framework/Versions/A/Frameworks/SearchKit.framework/Versions/A/SearchKit
0x00000000163f8000 	/System/Library/Frameworks/CoreServices.framework/Versions/A/Frameworks/AE.framework/Versions/A/AE
0x00000000163f8000 	/System/Library/Frameworks/CoreServices.framework/Versions/A/Frameworks/LaunchServices.framework/Versions/A/LaunchServices
0x00000000163f8000 	/System/Library/Frameworks/CoreServices.framework/Versions/A/Frameworks/DictionaryServices.framework/Versions/A/DictionaryServices
0x00000000163f8000 	/System/Library/Frameworks/CoreServices.framework/Versions/A/Frameworks/SharedFileList.framework/Versions/A/SharedFileList
0x00000000163f8000 	/System/Library/Frameworks/NetFS.framework/Versions/A/NetFS
0x00000000163f8000 	/System/Library/PrivateFrameworks/NetAuth.framework/Versions/A/NetAuth
0x00000000163f8000 	/System/Library/PrivateFrameworks/login.framework/Versions/A/Frameworks/loginsupport.framework/Versions/A/loginsupport
0x00000000163f8000 	/System/Library/PrivateFrameworks/TCC.framework/Versions/A/TCC
0x00000000163f8000 	/System/Library/PrivateFrameworks/CoreNLP.framework/Versions/A/CoreNLP
0x00000000163f8000 	/System/Library/PrivateFrameworks/MetadataUtilities.framework/Versions/A/MetadataUtilities
0x00000000163f8000 	/usr/lib/libmecabra.dylib
0x00000000163f8000 	/System/Library/Frameworks/ApplicationServices.framework/Versions/A/Frameworks/ATS.framework/Versions/A/ATS
0x00000000163f8000 	/System/Library/Frameworks/ApplicationServices.framework/Versions/A/Frameworks/ColorSyncLegacy.framework/Versions/A/ColorSyncLegacy
0x00000000163f8000 	/System/Library/Frameworks/ApplicationServices.framework/Versions/A/Frameworks/HIServices.framework/Versions/A/HIServices
0x00000000163f8000 	/System/Library/Frameworks/ApplicationServices.framework/Versions/A/Frameworks/LangAnalysis.framework/Versions/A/LangAnalysis
0x00000000163f8000 	/System/Library/Frameworks/ApplicationServices.framework/Versions/A/Frameworks/PrintCore.framework/Versions/A/PrintCore
0x00000000163f8000 	/System/Library/Frameworks/ApplicationServices.framework/Versions/A/Frameworks/QD.framework/Versions/A/QD
0x00000000163f8000 	/System/Library/Frameworks/ApplicationServices.framework/Versions/A/Frameworks/SpeechSynthesis.framework/Versions/A/SpeechSynthesis
0x00000000163f8000 	/usr/lib/libcompression.dylib
0x00000000163f8000 	/System/Library/Frameworks/CoreDisplay.framework/Versions/A/CoreDisplay
0x00000000163f8000 	/System/Library/Frameworks/MetalPerformanceShaders.framework/Versions/A/MetalPerformanceShaders
0x00000000163f8000 	/System/Library/Frameworks/Accelerate.framework/Versions/A/Frameworks/vImage.framework/Versions/A/vImage
0x00000000163f8000 	/System/Library/Frameworks/Accelerate.framework/Versions/A/Frameworks/vecLib.framework/Versions/A/vecLib
0x00000000163f8000 	/System/Library/Frameworks/Accelerate.framework/Versions/A/Frameworks/vecLib.framework/Versions/A/libvMisc.dylib
0x00000000163f8000 	/System/Library/Frameworks/Accelerate.framework/Versions/A/Frameworks/vecLib.framework/Versions/A/libvDSP.dylib
0x00000000163f8000 	/System/Library/Frameworks/Accelerate.framework/Versions/A/Frameworks/vecLib.framework/Versions/A/libBLAS.dylib
0x00000000163f8000 	/System/Library/Frameworks/Accelerate.framework/Versions/A/Frameworks/vecLib.framework/Versions/A/libLAPACK.dylib
0x00000000163f8000 	/System/Library/Frameworks/Accelerate.framework/Versions/A/Frameworks/vecLib.framework/Versions/A/libLinearAlgebra.dylib
0x00000000163f8000 	/System/Library/Frameworks/Accelerate.framework/Versions/A/Frameworks/vecLib.framework/Versions/A/libSparseBLAS.dylib
0x00000000163f8000 	/System/Library/Frameworks/Accelerate.framework/Versions/A/Frameworks/vecLib.framework/Versions/A/libQuadrature.dylib
0x00000000163f8000 	/System/Library/Frameworks/Accelerate.framework/Versions/A/Frameworks/vecLib.framework/Versions/A/libBNNS.dylib
0x00000000163f8000 	/System/Library/Frameworks/Accelerate.framework/Versions/A/Frameworks/vecLib.framework/Versions/A/libSparse.dylib
0x00000000163f8000 	/System/Library/PrivateFrameworks/GPUWrangler.framework/Versions/A/GPUWrangler
0x00000000163f8000 	/System/Library/PrivateFrameworks/IOAccelerator.framework/Versions/A/IOAccelerator
0x00000000163f8000 	/System/Library/PrivateFrameworks/IOPresentment.framework/Versions/A/IOPresentment
0x00000000163f8000 	/System/Library/PrivateFrameworks/DSExternalDisplay.framework/Versions/A/DSExternalDisplay
0x00000000163f8000 	/System/Library/Frameworks/OpenGL.framework/Versions/A/Libraries/libCoreFSCache.dylib
0x00000000163f8000 	/System/Library/Frameworks/MetalPerformanceShaders.framework/Frameworks/MPSCore.framework/Versions/A/MPSCore
0x00000000163f8000 	/System/Library/Frameworks/MetalPerformanceShaders.framework/Frameworks/MPSImage.framework/Versions/A/MPSImage
0x00000000163f8000 	/System/Library/Frameworks/MetalPerformanceShaders.framework/Frameworks/MPSNeuralNetwork.framework/Versions/A/MPSNeuralNetwork
0x00000000163f8000 	/System/Library/Frameworks/MetalPerformanceShaders.framework/Frameworks/MPSMatrix.framework/Versions/A/MPSMatrix
0x00000000163f8000 	/System/Library/Frameworks/MetalPerformanceShaders.framework/Frameworks/MPSRayIntersector.framework/Versions/A/MPSRayIntersector
0x00000000163f8000 	/System/Library/PrivateFrameworks/MetalTools.framework/Versions/A/MetalTools
0x00000000163f8000 	/System/Library/PrivateFrameworks/AggregateDictionary.framework/Versions/A/AggregateDictionary
0x00000000163f8000 	/usr/lib/libMobileGestalt.dylib
0x00000000163f8000 	/System/Library/Frameworks/CoreVideo.framework/Versions/A/CoreVideo
0x00000000163f8000 	/System/Library/PrivateFrameworks/GraphVisualizer.framework/Versions/A/GraphVisualizer
0x00000000163f8000 	/System/Library/PrivateFrameworks/FaceCore.framework/Versions/A/FaceCore
0x00000000163f8000 	/System/Library/Frameworks/OpenCL.framework/Versions/A/OpenCL
0x00000000163f8000 	/usr/lib/libFosl_dynamic.dylib
0x00000000163f8000 	/System/Library/PrivateFrameworks/OTSVG.framework/Versions/A/OTSVG
0x00000000163f8000 	/System/Library/Frameworks/ApplicationServices.framework/Versions/A/Frameworks/ATS.framework/Versions/A/Resources/libFontParser.dylib
0x00000000163f8000 	/System/Library/Frameworks/ApplicationServices.framework/Versions/A/Frameworks/ATS.framework/Versions/A/Resources/libFontRegistry.dylib
0x00000000163f8000 	/System/Library/Frameworks/ImageIO.framework/Versions/A/Resources/libJPEG.dylib
0x00000000163f8000 	/System/Library/Frameworks/ImageIO.framework/Versions/A/Resources/libTIFF.dylib
0x00000000163f8000 	/System/Library/Frameworks/ImageIO.framework/Versions/A/Resources/libPng.dylib
0x00000000163f8000 	/System/Library/Frameworks/ImageIO.framework/Versions/A/Resources/libGIF.dylib
0x00000000163f8000 	/System/Library/Frameworks/ImageIO.framework/Versions/A/Resources/libJP2.dylib
0x00000000163f8000 	/System/Library/Frameworks/ImageIO.framework/Versions/A/Resources/libRadiance.dylib
0x00000000163f8000 	/System/Library/PrivateFrameworks/AppleJPEG.framework/Versions/A/AppleJPEG
0x00000000163f8000 	/System/Library/Frameworks/OpenGL.framework/Versions/A/Libraries/libGFXShared.dylib
0x00000000163f8000 	/System/Library/Frameworks/OpenGL.framework/Versions/A/Libraries/libGLU.dylib
0x00000000163f8000 	/System/Library/Frameworks/OpenGL.framework/Versions/A/Libraries/libGL.dylib
0x00000000163f8000 	/System/Library/Frameworks/OpenGL.framework/Versions/A/Libraries/libGLImage.dylib
0x00000000163f8000 	/System/Library/Frameworks/OpenGL.framework/Versions/A/Libraries/libCVMSPluginSupport.dylib
0x00000000163f8000 	/System/Library/Frameworks/OpenGL.framework/Versions/A/Libraries/libCoreVMClient.dylib
0x00000000163f8000 	/usr/lib/libcups.2.dylib
0x00000000163f8000 	/System/Library/Frameworks/Kerberos.framework/Versions/A/Kerberos
0x00000000163f8000 	/System/Library/Frameworks/GSS.framework/Versions/A/GSS
0x00000000163f8000 	/usr/lib/libresolv.9.dylib
0x00000000163f8000 	/usr/lib/libiconv.2.dylib
0x00000000163f8000 	/System/Library/PrivateFrameworks/Heimdal.framework/Versions/A/Heimdal
0x00000000163f8000 	/usr/lib/libheimdal-asn1.dylib
0x00000000163f8000 	/System/Library/Frameworks/OpenDirectory.framework/Versions/A/OpenDirectory
0x00000000163f8000 	/System/Library/PrivateFrameworks/CommonAuth.framework/Versions/A/CommonAuth
0x00000000163f8000 	/System/Library/Frameworks/OpenDirectory.framework/Versions/A/Frameworks/CFOpenDirectory.framework/Versions/A/CFOpenDirectory
0x00000000163f8000 	/System/Library/Frameworks/SecurityFoundation.framework/Versions/A/SecurityFoundation
0x00000000163f8000 	/System/Library/PrivateFrameworks/APFS.framework/Versions/A/APFS
0x00000000163f8000 	/usr/lib/libutil.dylib
0x00000000163f8000 	/usr/lib/libcharset.1.dylib
0x00000000163f8000 	/System/Library/PrivateFrameworks/AppleSauce.framework/Versions/A/AppleSauce
0x00000000163f8000 	/System/Library/PrivateFrameworks/AssertionServices.framework/Versions/A/AssertionServices
0x00000000163f8000 	/System/Library/PrivateFrameworks/BaseBoard.framework/Versions/A/BaseBoard
0x00000000163f8000 	/usr/lib/libmecab.1.0.0.dylib
0x00000000163f8000 	/usr/lib/libgermantok.dylib
0x00000000163f8000 	/usr/lib/libThaiTokenizer.dylib
0x00000000163f8000 	/usr/lib/libChineseTokenizer.dylib
0x00000000163f8000 	/System/Library/PrivateFrameworks/LanguageModeling.framework/Versions/A/LanguageModeling
0x00000000163f8000 	/System/Library/PrivateFrameworks/CoreEmoji.framework/Versions/A/CoreEmoji
0x00000000163f8000 	/System/Library/PrivateFrameworks/Lexicon.framework/Versions/A/Lexicon
0x00000000163f8000 	/System/Library/PrivateFrameworks/LinguisticData.framework/Versions/A/LinguisticData
0x00000000163f8000 	/usr/lib/libcmph.dylib
0x00000000163f8000 	/System/Library/Frameworks/ServiceManagement.framework/Versions/A/ServiceManagement
0x00000000163f8000 	/System/Library/PrivateFrameworks/BackgroundTaskManagement.framework/Versions/A/BackgroundTaskManagement
0x00000000163f8000 	/usr/lib/libxslt.1.dylib
0x00000000163f8000 	/System/Library/Frameworks/Carbon.framework/Versions/A/Frameworks/Ink.framework/Versions/A/Ink
0x00000000163f8000 	/System/Library/PrivateFrameworks/TextureIO.framework/Versions/A/TextureIO
0x00000000163f8000 	/usr/lib/libate.dylib
0x00000000163f8000 	/System/Library/PrivateFrameworks/CrashReporterSupport.framework/Versions/A/CrashReporterSupport
0x00000000163f8000 	/System/Library/PrivateFrameworks/Sharing.framework/Versions/A/Sharing
0x00000000163f8000 	/System/Library/PrivateFrameworks/AuthKit.framework/Versions/A/AuthKit
0x00000000163f8000 	/System/Library/PrivateFrameworks/Apple80211.framework/Versions/A/Apple80211
0x00000000163f8000 	/System/Library/PrivateFrameworks/CoreUtils.framework/Versions/A/CoreUtils
0x00000000163f8000 	/System/Library/Frameworks/CoreWLAN.framework/Versions/A/CoreWLAN
0x00000000163f8000 	/System/Library/Frameworks/IOBluetooth.framework/Versions/A/IOBluetooth
0x00000000163f8000 	/System/Library/PrivateFrameworks/ProtocolBuffer.framework/Versions/A/ProtocolBuffer
0x00000000163f8000 	/System/Library/PrivateFrameworks/MobileKeyBag.framework/Versions/A/MobileKeyBag
0x00000000163f8000 	/System/Library/PrivateFrameworks/CorePhoneNumbers.framework/Versions/A/CorePhoneNumbers
0x00000000163f8000 	/System/Library/PrivateFrameworks/AppleIDAuthSupport.framework/Versions/A/AppleIDAuthSupport
0x00000000163f8000 	/System/Library/PrivateFrameworks/KeychainCircle.framework/Versions/A/KeychainCircle
0x00000000163f8000 	/System/Library/PrivateFrameworks/ROCKit.framework/Versions/A/ROCKit
0x00000000163f8000 	/System/Library/PrivateFrameworks/CoreWiFi.framework/Versions/A/CoreWiFi
0x00000000163f8000 	/System/Library/Frameworks/CoreBluetooth.framework/Versions/A/CoreBluetooth
0x00000000163f8000 	/System/Library/PrivateFrameworks/DebugSymbols.framework/Versions/A/DebugSymbols
0x00000000163f8000 	/System/Library/PrivateFrameworks/CoreSymbolication.framework/Versions/A/CoreSymbolication
0x00000000163f8000 	/System/Library/PrivateFrameworks/Symbolication.framework/Versions/A/Symbolication
0x00000000163f8000 	/System/Library/PrivateFrameworks/SpeechRecognitionCore.framework/Versions/A/SpeechRecognitionCore
0x0000000107e00000 	/Library/Java/JavaVirtualMachines/jdk1.8.0_92.jdk/Contents/Home/jre/lib/server/libjvm.dylib
0x00000000163f8000 	/usr/lib/libstdc++.6.dylib
0x0000000106d14000 	/Library/Java/JavaVirtualMachines/jdk1.8.0_92.jdk/Contents/Home/jre/lib/libverify.dylib
0x0000000106d22000 	/Library/Java/JavaVirtualMachines/jdk1.8.0_92.jdk/Contents/Home/jre/lib/libjava.dylib
0x0000000106d58000 	/Library/Java/JavaVirtualMachines/jdk1.8.0_92.jdk/Contents/Home/jre/lib/libinstrument.dylib
0x0000000106df6000 	/Library/Java/JavaVirtualMachines/jdk1.8.0_92.jdk/Contents/Home/jre/lib/libzip.dylib
0x00000000163f8000 	/System/Library/Frameworks/JavaVM.framework/Versions/A/Frameworks/JavaRuntimeSupport.framework/Versions/A/JavaRuntimeSupport
0x00000000163f8000 	/System/Library/Frameworks/JavaVM.framework/Versions/A/Frameworks/JavaNativeFoundation.framework/Versions/A/JavaNativeFoundation
0x00000000163f8000 	/System/Library/Frameworks/JavaVM.framework/Versions/A/JavaVM
0x00000000163f8000 	/System/Library/Frameworks/Carbon.framework/Versions/A/Carbon
0x00000000163f8000 	/System/Library/PrivateFrameworks/JavaLaunching.framework/Versions/A/JavaLaunching
0x00000000163f8000 	/System/Library/Frameworks/Carbon.framework/Versions/A/Frameworks/CommonPanels.framework/Versions/A/CommonPanels
0x00000000163f8000 	/System/Library/Frameworks/Carbon.framework/Versions/A/Frameworks/Help.framework/Versions/A/Help
0x00000000163f8000 	/System/Library/Frameworks/Carbon.framework/Versions/A/Frameworks/ImageCapture.framework/Versions/A/ImageCapture
0x00000000163f8000 	/System/Library/Frameworks/Carbon.framework/Versions/A/Frameworks/OpenScripting.framework/Versions/A/OpenScripting
0x00000000163f8000 	/System/Library/Frameworks/Carbon.framework/Versions/A/Frameworks/Print.framework/Versions/A/Print
0x00000000163f8000 	/System/Library/Frameworks/Carbon.framework/Versions/A/Frameworks/SecurityHI.framework/Versions/A/SecurityHI
0x0000000114fc3000 	/Library/Java/JavaVirtualMachines/jdk1.8.0_92.jdk/Contents/Home/jre/lib/libnet.dylib
0x0000000125ca6000 	/Library/Java/JavaVirtualMachines/jdk1.8.0_92.jdk/Contents/Home/jre/lib/libawt.dylib
0x0000000125d4e000 	/Library/Java/JavaVirtualMachines/jdk1.8.0_92.jdk/Contents/Home/jre/lib/./libmlib_image.dylib
0x0000000125e1a000 	/Library/Java/JavaVirtualMachines/jdk1.8.0_92.jdk/Contents/Home/jre/lib/libawt_lwawt.dylib
0x00000001151c4000 	/Library/Java/JavaVirtualMachines/jdk1.8.0_92.jdk/Contents/Home/jre/lib/./libosxapp.dylib
0x00000000163f8000 	/System/Library/Frameworks/ExceptionHandling.framework/Versions/A/ExceptionHandling
0x00000000163f8000 	/System/Library/PrivateFrameworks/CoreServicesInternal.framework/Versions/A/CoreServicesInternal
0x00000000163f8000 	/System/Library/CoreServices/RawCamera.bundle/Contents/MacOS/RawCamera
0x00000000163f8000 	/System/Library/PrivateFrameworks/MobileAsset.framework/Versions/A/MobileAsset
0x00000000163f8000 	/System/Library/PrivateFrameworks/StreamingZip.framework/Versions/A/StreamingZip
0x00000000163f8000 	/System/Library/Frameworks/MediaToolbox.framework/Versions/A/MediaToolbox
0x00000000163f8000 	/System/Library/PrivateFrameworks/CoreAVCHD.framework/Versions/A/CoreAVCHD
0x00000000163f8000 	/System/Library/Frameworks/MediaAccessibility.framework/Versions/A/MediaAccessibility
0x00000000163f8000 	/System/Library/PrivateFrameworks/Mangrove.framework/Versions/A/Mangrove
0x00000000163f8000 	/System/Library/Frameworks/CoreMedia.framework/Versions/A/CoreMedia
0x00000000163f8000 	/System/Library/Frameworks/VideoToolbox.framework/Versions/A/VideoToolbox
0x00000000163f8000 	/System/Library/PrivateFrameworks/CoreAUC.framework/Versions/A/CoreAUC
0x00000000163f8000 	/usr/lib/libspindump.dylib
0x00000000163f8000 	/System/Library/PrivateFrameworks/AppleVA.framework/Versions/A/AppleVA
0x00000000163f8000 	/System/Library/Frameworks/Accelerate.framework/Versions/A/Frameworks/vImage.framework/Versions/A/Libraries/libCGInterfaces.dylib
0x00000000163f8000 	/System/Library/Frameworks/ApplicationServices.framework/Versions/A/Frameworks/ATS.framework/Versions/A/Resources/libTrueTypeScaler.dylib
0x00000000163f8000 	/System/Library/Extensions/AppleIntelSKLGraphicsMTLDriver.bundle/Contents/MacOS/AppleIntelSKLGraphicsMTLDriver
0x00000000163f8000 	/System/Library/Extensions/AMDMTLBronzeDriver.bundle/Contents/MacOS/AMDMTLBronzeDriver
0x00000000163f8000 	/System/Library/PrivateFrameworks/IOAccelMemoryInfo.framework/Versions/A/IOAccelMemoryInfo
0x00000000163f8000 	/System/Library/PrivateFrameworks/GPUCompiler.framework/Versions/3902/Libraries/libmetal_timestamp.dylib
0x00000000163f8000 	/System/Library/PrivateFrameworks/FamilyControls.framework/Versions/A/FamilyControls
0x00000000163f8000 	/System/Library/PrivateFrameworks/CommerceKit.framework/Versions/A/Frameworks/CommerceCore.framework/Versions/A/CommerceCore
0x00000000163f8000 	/System/Library/PrivateFrameworks/SystemAdministration.framework/Versions/A/SystemAdministration
0x00000000163f8000 	/System/Library/PrivateFrameworks/AppContainer.framework/Versions/A/AppContainer
0x00000000163f8000 	/System/Library/PrivateFrameworks/AppSandbox.framework/Versions/A/AppSandbox
0x00000000163f8000 	/System/Library/PrivateFrameworks/SecCodeWrapper.framework/Versions/A/SecCodeWrapper
0x00000000163f8000 	/usr/lib/libsandbox.1.dylib
0x00000000163f8000 	/usr/lib/libMatch.1.dylib
0x00000000163f8000 	/System/Library/PrivateFrameworks/DiskManagement.framework/Versions/A/DiskManagement
0x00000000163f8000 	/System/Library/Frameworks/DirectoryService.framework/Versions/A/DirectoryService
0x00000000163f8000 	/System/Library/PrivateFrameworks/DiskImages.framework/Versions/A/DiskImages
0x00000000163f8000 	/System/Library/PrivateFrameworks/LoginUIKit.framework/Versions/A/Frameworks/LoginUICore.framework/Versions/A/LoginUICore
0x00000000163f8000 	/usr/lib/libCoreStorage.dylib
0x00000000163f8000 	/usr/lib/libcsfde.dylib
0x00000000163f8000 	/usr/lib/libodfde.dylib
0x00000000163f8000 	/System/Library/PrivateFrameworks/MediaKit.framework/Versions/A/MediaKit
0x00000000163f8000 	/System/Library/Frameworks/DiscRecording.framework/Versions/A/DiscRecording
0x00000000163f8000 	/System/Library/PrivateFrameworks/EFILogin.framework/Versions/A/EFILogin
0x00000000163f8000 	/System/Library/PrivateFrameworks/ProtectedCloudStorage.framework/Versions/A/ProtectedCloudStorage
0x00000000163f8000 	/usr/lib/libcurl.4.dylib
0x00000000163f8000 	/usr/lib/libcrypto.42.dylib
0x00000000163f8000 	/usr/lib/libssl.44.dylib
0x00000000163f8000 	/System/Library/Frameworks/LDAP.framework/Versions/A/LDAP
0x00000000163f8000 	/System/Library/PrivateFrameworks/TrustEvaluationAgent.framework/Versions/A/TrustEvaluationAgent
0x00000000163f8000 	/usr/lib/libsasl2.2.dylib
0x00000000163f8000 	/System/Library/PrivateFrameworks/CoreDaemon.framework/Versions/B/CoreDaemon
0x00000000163f8000 	/System/Library/PrivateFrameworks/AppleSRP.framework/Versions/A/AppleSRP
0x00000000163f8000 	/System/Library/PrivateFrameworks/ViewBridge.framework/Versions/A/ViewBridge
0x00000001271d4000 	/usr/lib/libobjc-trampolines.dylib
0x000000012899c000 	/private/var/folders/h1/4msqpy3n6rnbn6jmjysd5c2h0000gq/T/jna-205669059/jna7182613880107477637.tmp
0x00000001289b1000 	/usr/local/lib/libtesseract.dylib
0x0000000128e9f000 	/usr/local/opt/leptonica/lib/liblept.5.dylib
0x00000001290ab000 	/usr/local/opt/libpng/lib/libpng16.16.dylib
0x00000001290d6000 	/usr/local/opt/jpeg/lib/libjpeg.9.dylib
0x000000012910a000 	/usr/local/opt/giflib/lib/libgif.7.dylib
0x0000000129113000 	/usr/local/opt/libtiff/lib/libtiff.5.dylib
0x000000012917c000 	/usr/local/opt/webp/lib/libwebp.7.dylib
0x00000001291de000 	/usr/local/opt/openjpeg/lib/libopenjp2.7.dylib
0x000000012921f000 	/Library/Java/JavaVirtualMachines/jdk1.8.0_92.jdk/Contents/Home/jre/lib/libnio.dylib

VM Arguments:
jvm_args: -javaagent:/Applications/IntelliJ IDEA CE 2.app/Contents/lib/idea_rt.jar=58648:/Applications/IntelliJ IDEA CE 2.app/Contents/bin -Dfile.encoding=UTF-8 
java_command: OCRReader
java_class_path (initial): /Library/Java/JavaVirtualMachines/jdk1.8.0_92.jdk/Contents/Home/jre/lib/charsets.jar:/Library/Java/JavaVirtualMachines/jdk1.8.0_92.jdk/Contents/Home/jre/lib/deploy.jar:/Library/Java/JavaVirtualMachines/jdk1.8.0_92.jdk/Contents/Home/jre/lib/ext/cldrdata.jar:/Library/Java/JavaVirtualMachines/jdk1.8.0_92.jdk/Contents/Home/jre/lib/ext/dnsns.jar:/Library/Java/JavaVirtualMachines/jdk1.8.0_92.jdk/Contents/Home/jre/lib/ext/jaccess.jar:/Library/Java/JavaVirtualMachines/jdk1.8.0_92.jdk/Contents/Home/jre/lib/ext/jfxrt.jar:/Library/Java/JavaVirtualMachines/jdk1.8.0_92.jdk/Contents/Home/jre/lib/ext/localedata.jar:/Library/Java/JavaVirtualMachines/jdk1.8.0_92.jdk/Contents/Home/jre/lib/ext/nashorn.jar:/Library/Java/JavaVirtualMachines/jdk1.8.0_92.jdk/Contents/Home/jre/lib/ext/sunec.jar:/Library/Java/JavaVirtualMachines/jdk1.8.0_92.jdk/Contents/Home/jre/lib/ext/sunjce_provider.jar:/Library/Java/JavaVirtualMachines/jdk1.8.0_92.jdk/Contents/Home/jre/lib/ext/sunpkcs11.jar:/Library/Java/JavaVirtualMachines/jdk1.8.0_92.jdk/Contents/Home/jre/lib/ext/zipfs.jar:/Library/Java/JavaVirtualMachines/jdk1.8.0_92.jdk/Contents/Home/jre/lib/javaws.jar:/Library/Java/JavaVirtualMachines/jdk1.8.0_92.jdk/Contents/Home/jre/lib/jce.jar:/Library/Java/JavaVirtualMachines/jdk1.8.0_92.jdk/Contents/Home/jre/lib/jfr.jar:/Library/Java/JavaVirtualMachines/jdk1.8.0_92.jdk/Contents/Home/jre/lib/jfxswt.jar:/Library/Java/JavaVirtualMachines/jdk1.8.0_92.jdk/Contents/Home/jre/lib/jsse.jar:/Library/Java/JavaVirtualMachines/jdk1.8.0_92.jdk/Contents/Home/jre/lib/management-agent.jar:/Library/Java/JavaVirtualMachines/jdk1.8.0_92.jdk/Contents/Home/jre/lib/plugin.jar:/Library/Java/JavaVirtualMachines/jdk1.8.0_92.jdk/Contents/Home/jre/lib/resources.jar:/Library/Java/JavaVirtualMachines/jdk1.8.0_92.jdk/Contents/Home/jre/lib/rt.jar:/Library/Java/JavaVirtualMachines/jdk1.8.0_92.jdk/Contents/Home/lib/ant-javafx.jar:/Library/Java/JavaVirtualMachines/jdk1.8.0_92.jdk/Contents/Home/lib/dt.jar:/Library/Ja
Launcher Type: SUN_STANDARD

Environment Variables:
JAVA_HOME=/Library/Java/JavaVirtualMachines/jdk1.8.0_92.jdk/Contents/Home
PATH=/usr/local/bin:/usr/bin:/bin:/usr/sbin:/sbin:/SAPDevelop/AN/devtools/apache-maven-3.5.2/bin
SHELL=/bin/bash

Signal Handlers:
SIGSEGV: [libjvm.dylib+0x5aa779], sa_mask[0]=11111111011111110111111111111111, sa_flags=SA_ONSTACK|SA_RESTART|SA_SIGINFO
SIGBUS: [libjvm.dylib+0x5aa779], sa_mask[0]=11111111011111110111111111111111, sa_flags=SA_RESTART|SA_SIGINFO
SIGFPE: [libjvm.dylib+0x4831d0], sa_mask[0]=11111111011111110111111111111111, sa_flags=SA_RESTART|SA_SIGINFO
SIGPIPE: [libjvm.dylib+0x4831d0], sa_mask[0]=11111111011111110111111111111111, sa_flags=SA_RESTART|SA_SIGINFO
SIGXFSZ: [libjvm.dylib+0x4831d0], sa_mask[0]=11111111011111110111111111111111, sa_flags=SA_RESTART|SA_SIGINFO
SIGILL: [libjvm.dylib+0x4831d0], sa_mask[0]=11111111011111110111111111111111, sa_flags=SA_RESTART|SA_SIGINFO
SIGUSR1: SIG_DFL, sa_mask[0]=00000000000000000000000000000000, sa_flags=none
SIGUSR2: [libjvm.dylib+0x482cee], sa_mask[0]=00100000000000000000000000000000, sa_flags=SA_RESTART|SA_SIGINFO
SIGHUP: [libjvm.dylib+0x4812c5], sa_mask[0]=11111111011111110111111111111111, sa_flags=SA_RESTART|SA_SIGINFO
SIGINT: [libjvm.dylib+0x4812c5], sa_mask[0]=11111111011111110111111111111111, sa_flags=SA_RESTART|SA_SIGINFO
SIGTERM: [libjvm.dylib+0x4812c5], sa_mask[0]=11111111011111110111111111111111, sa_flags=SA_RESTART|SA_SIGINFO
SIGQUIT: [libjvm.dylib+0x4812c5], sa_mask[0]=11111111011111110111111111111111, sa_flags=SA_RESTART|SA_SIGINFO


---------------  S Y S T E M  ---------------

OS:Bsduname:Darwin 18.2.0 Darwin Kernel Version 18.2.0: Fri Oct  5 19:41:49 PDT 2018; root:xnu-4903.221.2~2/RELEASE_X86_64 x86_64
rlimit: STACK 8192k, CORE 0k, NPROC 1418, NOFILE 10240, AS infinity
load average:2.38 2.34 2.26

CPU:total 8 (4 cores per cpu, 2 threads per core) family 6 model 94 stepping 3, cmov, cx8, fxsr, mmx, sse, sse2, sse3, ssse3, sse4.1, sse4.2, popcnt, avx, avx2, aes, clmul, erms, rtm, 3dnowpref, lzcnt, ht, tsc, tscinvbit, bmi1, bmi2, adx

Memory: 4k page, physical 16777216k(49492k free)

/proc/meminfo:


vm_info: Java HotSpot(TM) 64-Bit Server VM (25.92-b14) for bsd-amd64 JRE (1.8.0_92-b14), built on Mar 31 2016 21:23:14 by "java_re" with gcc 4.2.1 (Based on Apple Inc. build 5658) (LLVM build 2336.11.00)

time: Sat Mar 23 01:42:36 2019
elapsed time: 1 seconds (0d 0h 0m 1s)

